#
# A fatal error has been detected by the Java Runtime Environment:
#
#  EXCEPTION_ACCESS_VIOLATION (0xc0000005) at pc=0x00007ff9ee498728, pid=1884, tid=10092
#
# JRE version: OpenJDK Runtime Environment (14.0.2+12) (build 14.0.2+12-46)
# Java VM: OpenJDK 64-Bit Server VM (14.0.2+12-46, mixed mode, tiered, compressed oops, g1 gc, windows-amd64)
# Problematic frame:
# V  [jvm.dll+0x1b8728]
#
# No core dump will be written. Minidumps are not enabled by default on client versions of Windows
#
# If you would like to submit a bug report, please visit:
#   https://bugreport.java.com/bugreport/crash.jsp
#

---------------  S U M M A R Y ------------

Command Line: -Dcom.sun.management.jmxremote -Dcom.sun.management.jmxremote.port=50646 -Dcom.sun.management.jmxremote.authenticate=false -Dcom.sun.management.jmxremote.ssl=false -Djava.rmi.server.hostname=localhost -Dspring.jmx.enabled=true -Dspring.application.admin.enabled=true -Xverify:none -XX:TieredStopAtLevel=1 -Dspring.boot.project.name=api -Dfile.encoding=UTF-8 -XX:+ShowCodeDetailsInExceptionMessages com.nghiale.api.ApiApplication --spring.output.ansi.enabled=always

Host: Intel(R) Core(TM) i5-7200U CPU @ 2.50GHz, 4 cores, 7G,  Windows 10 , 64 bit Build 18362 (10.0.18362.1110)
Time: Tue Dec  8 12:19:50 2020 SE Asia Standard Time elapsed time: 10366 seconds (0d 2h 52m 46s)

---------------  T H R E A D  ---------------

Current thread (0x000001a930544000):  JavaThread "restartedMain" [_thread_in_vm, id=10092, stack(0x0000005e14a00000,0x0000005e14b00000)]

Stack: [0x0000005e14a00000,0x0000005e14b00000],  sp=0x0000005e14afd2c0,  free space=1012k
Native frames: (J=compiled Java code, j=interpreted, Vv=VM code, C=native code)
V  [jvm.dll+0x1b8728]
V  [jvm.dll+0x1b9244]
V  [jvm.dll+0x1bc7b6]
V  [jvm.dll+0x1b0c2e]
V  [jvm.dll+0x4d3642]
V  [jvm.dll+0x6ccdd9]
V  [jvm.dll+0x3b49d0]
V  [jvm.dll+0x3b97bd]
C  [java.dll+0x1970]

Java frames: (J=compiled Java code, j=interpreted, Vv=VM code)
J 1216  java.lang.ClassLoader.defineClass1(Ljava/lang/ClassLoader;Ljava/lang/String;[BIILjava/security/ProtectionDomain;Ljava/lang/String;)Ljava/lang/Class; java.base@14.0.2 (0 bytes) @ 0x000001a9154e027b [0x000001a9154e01c0+0x00000000000000bb]
J 1399 c1 java.lang.ClassLoader.defineClass(Ljava/lang/String;[BIILjava/security/ProtectionDomain;)Ljava/lang/Class; java.base@14.0.2 (43 bytes) @ 0x000001a91552905c [0x000001a915528f60+0x00000000000000fc]
J 10809 c1 java.net.URLClassLoader.defineClass(Ljava/lang/String;Ljdk/internal/loader/Resource;)Ljava/lang/Class; java.base@14.0.2 (224 bytes) @ 0x000001a916435b54 [0x000001a916434f20+0x0000000000000c34]
J 2138 c1 java.net.URLClassLoader$1.run()Ljava/lang/Class; java.base@14.0.2 (63 bytes) @ 0x000001a91564511c [0x000001a915644f40+0x00000000000001dc]
J 2135 c1 java.net.URLClassLoader.findClass(Ljava/lang/String;)Ljava/lang/Class; java.base@14.0.2 (47 bytes) @ 0x000001a915643d54 [0x000001a915643c20+0x0000000000000134]
J 2134 c1 org.springframework.boot.devtools.restart.classloader.RestartClassLoader.findClass(Ljava/lang/String;)Ljava/lang/Class; (69 bytes) @ 0x000001a915643234 [0x000001a915642f80+0x00000000000002b4]
J 2133 c1 org.springframework.boot.devtools.restart.classloader.RestartClassLoader.loadClass(Ljava/lang/String;Z)Ljava/lang/Class; (119 bytes) @ 0x000001a915641df4 [0x000001a9156419e0+0x0000000000000414]
J 1166 c1 java.lang.ClassLoader.loadClass(Ljava/lang/String;)Ljava/lang/Class; java.base@14.0.2 (7 bytes) @ 0x000001a9154c60e4 [0x000001a9154c60a0+0x0000000000000044]
v  ~StubRoutines::call_stub
J 898  java.lang.Class.forName0(Ljava/lang/String;ZLjava/lang/ClassLoader;Ljava/lang/Class;)Ljava/lang/Class; java.base@14.0.2 (0 bytes) @ 0x000001a9154598c7 [0x000001a915459840+0x0000000000000087]
J 905 c1 java.lang.Class.forName(Ljava/lang/String;ZLjava/lang/ClassLoader;)Ljava/lang/Class; java.base@14.0.2 (47 bytes) @ 0x000001a91545bc34 [0x000001a91545bb40+0x00000000000000f4]
j  org.springframework.boot.devtools.restart.RestartLauncher.run()V+9
v  ~StubRoutines::call_stub

siginfo: EXCEPTION_ACCESS_VIOLATION (0xc0000005), reading address 0x000001a8d1270fd2


Register to memory mapping:

RIP=0x00007ff9ee498728 jvm.dll
RAX=0x000000005f8d0fe4 is an unknown value
RBX=
[error occurred during error reporting (printing register info), id 0xc0000005, EXCEPTION_ACCESS_VIOLATION (0xc0000005) at pc=0x00007ff9ee581c94]

Registers:
RAX=0x000000005f8d0fe4, RBX=0x00000000a065b0ee, RCX=0x000001a8d1270fd2, RDX=0x0000000000000000
RSP=0x0000005e14afd2c0, RBP=0x0000000000000000, RSI=0x0000005e14afdb40, RDI=0x000001a930544000
R8 =0x000001a8d1270fd4, R9 =0x0000000000000000, R10=0x0000000000000000, R11=0x0000000000000000
R12=0x0000000000000000, R13=0x000001a9332b1078, R14=0x0000000000000000, R15=0x0000005e14afd7b0
RIP=0x00007ff9ee498728, EFLAGS=0x0000000000010246

Top of Stack: (sp=0x0000005e14afd2c0)
0x0000005e14afd2c0:   0000000000000000 0000005e14afd7b0
0x0000005e14afd2d0:   0000005e14afd420 0000005e14afdb40
0x0000005e14afd2e0:   000001a900000000 000001a930544000
0x0000005e14afd2f0:   000021dc00000000 0000000000000000
0x0000005e14afd300:   0000000000000000 0000000000000000
0x0000005e14afd310:   0000000000000000 0000000000000000
0x0000005e14afd320:   0000000000000000 000001a930544000
0x0000005e14afd330:   0000005e14afd7b0 0000000000000000
0x0000005e14afd340:   000000000000000b 000001a930b65a90
0x0000005e14afd350:   000001a930544000 000001a9332b1078
0x0000005e14afd360:   0000005e14afd470 00007ff9ee499244
0x0000005e14afd370:   000001a930544000 0000000000000000
0x0000005e14afd380:   0000000000020007 000001a930544000
0x0000005e14afd390:   000000000000000b 0000005e14afd3d0
0x0000005e14afd3a0:   0000005e14afd3c0 0000005e14afd3c8
0x0000005e14afd3b0:   0000005e14afd420 000001a930544000 

Instructions: (pc=0x00007ff9ee498728)
0x00007ff9ee498628:   01 4e 18 48 8b 44 24 58 eb 02 33 c0 4c 8b 7c 24
0x00007ff9ee498638:   60 48 8b 6c 24 50 48 8b 5c 24 68 48 83 c4 20 41
0x00007ff9ee498648:   5e 41 5d 41 5c 5f 5e c3 48 89 5c 24 10 44 88 4c
0x00007ff9ee498658:   24 20 55 56 57 41 54 41 55 41 56 41 57 48 83 ec
0x00007ff9ee498668:   70 48 8b bc 24 f8 00 00 00 45 33 db 4c 8b f9 4c
0x00007ff9ee498678:   89 5c 24 38 41 0f b7 cb 44 89 5c 24 40 41 0f b7
0x00007ff9ee498688:   c0 66 89 4c 24 32 48 8b f2 4c 89 5c 24 58 4d 8b
0x00007ff9ee498698:   6f 48 32 d2 88 94 24 b0 00 00 00 45 0f b7 e3 44
0x00007ff9ee4986a8:   89 5c 24 44 45 8b f3 4c 89 5c 24 50 45 8b c3 44
0x00007ff9ee4986b8:   89 5c 24 4c 45 8b cb 4c 89 5c 24 60 45 8b d3 44
0x00007ff9ee4986c8:   89 5c 24 48 41 8b eb 88 4c 24 30 88 4c 24 31 66
0x00007ff9ee4986d8:   85 c0 0f 84 d4 05 00 00 41 b8 ff ff 00 00 66 66
0x00007ff9ee4986e8:   0f 1f 84 00 00 00 00 00 66 41 03 c0 66 89 84 24
0x00007ff9ee4986f8:   c0 00 00 00 48 8b 46 10 48 2b 46 18 48 83 f8 06
0x00007ff9ee498708:   73 0b 48 8b d7 48 8b ce e8 cb 64 00 00 48 83 7f
0x00007ff9ee498718:   08 00 0f 85 0a 06 00 00 48 8b 4e 18 4c 8d 41 02
0x00007ff9ee498728:   0f b7 01 0f b6 e8 66 c1 e8 08 4c 89 46 18 41 8b
0x00007ff9ee498738:   10 66 c1 e5 08 66 0b e8 8b c2 c1 e8 08 0f b6 d8
0x00007ff9ee498748:   0f b6 c2 c1 e0 08 0b d8 8b c2 c1 e8 10 c1 e3 08
0x00007ff9ee498758:   0f b6 c8 49 8d 40 04 0b d9 48 89 46 18 49 8b 47
0x00007ff9ee498768:   48 c1 e3 08 c1 ea 18 0b da 44 0f b7 c5 44 3b 40
0x00007ff9ee498778:   34 7d 0e 48 8b 40 08 42 0f b6 44 00 04 3c 01 74
0x00007ff9ee498788:   02 32 c0 41 80 bf b0 01 00 00 00 74 16 84 c0 75
0x00007ff9ee498798:   12 4c 8b cf 48 8d 15 c5 73 67 00 49 8b cf e8 45
0x00007ff9ee4987a8:   7d ff ff 48 83 7f 08 00 0f 85 74 05 00 00 80 bc
0x00007ff9ee4987b8:   24 c8 00 00 00 00 0f b7 c5 49 8b 4c c5 40 0f 84
0x00007ff9ee4987c8:   e7 01 00 00 48 3b 0d 7d dd 8c 00 0f 85 da 01 00
0x00007ff9ee4987d8:   00 33 c0 66 45 85 e4 74 1f 4c 8b c7 48 8d 15 b5
0x00007ff9ee4987e8:   73 67 00 49 8b cf e8 bd 7d ff ff 48 8b 47 08 48
0x00007ff9ee4987f8:   85 c0 0f 85 2a 05 00 00 41 80 bf b0 01 00 00 00
0x00007ff9ee498808:   74 1e 83 fb 02 74 19 4c 8b cf 48 8d 15 c7 73 67
0x00007ff9ee498818:   00 44 8b c3 49 8b cf e8 cc 7c ff ff 48 8b 47 08 


Stack slot to memory mapping:
stack at sp + 0 slots: 0x0 is NULL
stack at sp + 1 slots: 0x0000005e14afd7b0 is pointing into the stack for thread: 0x000001a930544000
stack at sp + 2 slots: 0x0000005e14afd420 is pointing into the stack for thread: 0x000001a930544000
stack at sp + 3 slots: 0x0000005e14afdb40 is pointing into the stack for thread: 0x000001a930544000
stack at sp + 4 slots: 0x000001a900000000 is an unknown value
stack at sp + 5 slots: 0x000001a930544000 is a thread
stack at sp + 6 slots: 0x000021dc00000000 is an unknown value
stack at sp + 7 slots: 0x0 is NULL


---------------  P R O C E S S  ---------------

Threads class SMR info:
_java_thread_list=0x000001a92ff4cf80, length=47, elements={
0x000001a92bc77800, 0x000001a92bc78800, 0x000001a92b456800, 0x000001a92b458800,
0x000001a92b459800, 0x000001a92bca7000, 0x000001a92bcb8800, 0x000001a92b3f3800,
0x000001a92be78800, 0x000001a92c47a800, 0x000001a92c478800, 0x000001a92c4b7800,
0x000001a92c52f800, 0x000001a92c5a0000, 0x000001a92d3f7000, 0x000001a92d3f1000,
0x000001a92c33a800, 0x000001a92c333800, 0x000001a92c331800, 0x000001a9304ad000,
0x000001a92c334000, 0x000001a9304a9800, 0x000001a92c32f800, 0x000001a9304ab000,
0x000001a92c332800, 0x000001a9304aa800, 0x000001a92c336000, 0x000001a9304ac000,
0x000001a92d3f3800, 0x000001a92d3f5000, 0x000001a92c338800, 0x000001a92d3f2000,
0x000001a92c335000, 0x000001a9304a8000, 0x000001a9304a6800, 0x000001a9304a7000,
0x000001a930541000, 0x000001a92c330000, 0x000001a92c331000, 0x000001a930542800,
0x000001a930545000, 0x000001a92c33e000, 0x000001a92d3f4800, 0x000001a92c33d000,
0x000001a930543800, 0x000001a93053f000, 0x000001a930544000
}

Java Threads: ( => current thread )
  0x000001a92bc77800 JavaThread "Reference Handler" daemon [_thread_blocked, id=5056, stack(0x0000005e11b00000,0x0000005e11c00000)]
  0x000001a92bc78800 JavaThread "Finalizer" daemon [_thread_blocked, id=1836, stack(0x0000005e11c00000,0x0000005e11d00000)]
  0x000001a92b456800 JavaThread "Signal Dispatcher" daemon [_thread_blocked, id=3660, stack(0x0000005e11d00000,0x0000005e11e00000)]
  0x000001a92b458800 JavaThread "Attach Listener" daemon [_thread_blocked, id=7072, stack(0x0000005e11e00000,0x0000005e11f00000)]
  0x000001a92b459800 JavaThread "Service Thread" daemon [_thread_blocked, id=1364, stack(0x0000005e11f00000,0x0000005e12000000)]
  0x000001a92bca7000 JavaThread "C1 CompilerThread0" daemon [_thread_blocked, id=6848, stack(0x0000005e12000000,0x0000005e12100000)]
  0x000001a92bcb8800 JavaThread "Sweeper thread" daemon [_thread_blocked, id=8448, stack(0x0000005e12100000,0x0000005e12200000)]
  0x000001a92b3f3800 JavaThread "Common-Cleaner" daemon [_thread_blocked, id=2044, stack(0x0000005e12200000,0x0000005e12300000)]
  0x000001a92be78800 JavaThread "Notification Thread" daemon [_thread_blocked, id=9844, stack(0x0000005e12300000,0x0000005e12400000)]
  0x000001a92c47a800 JavaThread "RMI TCP Accept-0" daemon [_thread_in_native, id=8660, stack(0x0000005e12500000,0x0000005e12600000)]
  0x000001a92c478800 JavaThread "RMI TCP Accept-50646" daemon [_thread_in_native, id=13244, stack(0x0000005e12600000,0x0000005e12700000)]
  0x000001a92c4b7800 JavaThread "RMI TCP Accept-0" daemon [_thread_in_native, id=7956, stack(0x0000005e12700000,0x0000005e12800000)]
  0x000001a92c52f800 JavaThread "RMI Scheduler(0)" daemon [_thread_blocked, id=6080, stack(0x0000005e12a00000,0x0000005e12b00000)]
  0x000001a92c5a0000 JavaThread "JMX server connection timeout 20" daemon [_thread_blocked, id=8352, stack(0x0000005e12c00000,0x0000005e12d00000)]
  0x000001a92d3f7000 JavaThread "mysql-cj-abandoned-connection-cleanup" daemon [_thread_blocked, id=8948, stack(0x0000005e13600000,0x0000005e13700000)]
  0x000001a92d3f1000 JavaThread "Live Reload Server" daemon [_thread_in_native, id=1704, stack(0x0000005e13b00000,0x0000005e13c00000)]
  0x000001a92c33a800 JavaThread "DestroyJavaVM" [_thread_blocked, id=11392, stack(0x0000005e11400000,0x0000005e11500000)]
  0x000001a92c333800 JavaThread "File Watcher" daemon [_thread_blocked, id=11600, stack(0x0000005e11300000,0x0000005e11400000)]
  0x000001a92c331800 JavaThread "File Watcher" daemon [_thread_blocked, id=5500, stack(0x0000005e12400000,0x0000005e12500000)]
  0x000001a9304ad000 JavaThread "File Watcher" daemon [_thread_blocked, id=13208, stack(0x0000005e13100000,0x0000005e13200000)]
  0x000001a92c334000 JavaThread "File Watcher" daemon [_thread_blocked, id=7460, stack(0x0000005e13200000,0x0000005e13300000)]
  0x000001a9304a9800 JavaThread "File Watcher" daemon [_thread_blocked, id=10664, stack(0x0000005e13400000,0x0000005e13500000)]
  0x000001a92c32f800 JavaThread "File Watcher" daemon [_thread_blocked, id=2500, stack(0x0000005e13500000,0x0000005e13600000)]
  0x000001a9304ab000 JavaThread "File Watcher" daemon [_thread_blocked, id=7256, stack(0x0000005e13000000,0x0000005e13100000)]
  0x000001a92c332800 JavaThread "File Watcher" daemon [_thread_blocked, id=12328, stack(0x0000005e12900000,0x0000005e12a00000)]
  0x000001a9304aa800 JavaThread "File Watcher" daemon [_thread_blocked, id=6664, stack(0x0000005e13700000,0x0000005e13800000)]
  0x000001a92c336000 JavaThread "File Watcher" daemon [_thread_blocked, id=1856, stack(0x0000005e13c00000,0x0000005e13d00000)]
  0x000001a9304ac000 JavaThread "File Watcher" daemon [_thread_blocked, id=2124, stack(0x0000005e13d00000,0x0000005e13e00000)]
  0x000001a92d3f3800 JavaThread "File Watcher" daemon [_thread_blocked, id=12780, stack(0x0000005e12b00000,0x0000005e12c00000)]
  0x000001a92d3f5000 JavaThread "File Watcher" daemon [_thread_blocked, id=3064, stack(0x0000005e13e00000,0x0000005e13f00000)]
  0x000001a92c338800 JavaThread "File Watcher" daemon [_thread_blocked, id=5832, stack(0x0000005e13900000,0x0000005e13a00000)]
  0x000001a92d3f2000 JavaThread "File Watcher" daemon [_thread_blocked, id=8456, stack(0x0000005e13800000,0x0000005e13900000)]
  0x000001a92c335000 JavaThread "File Watcher" daemon [_thread_blocked, id=12896, stack(0x0000005e13a00000,0x0000005e13b00000)]
  0x000001a9304a8000 JavaThread "File Watcher" daemon [_thread_blocked, id=11792, stack(0x0000005e14100000,0x0000005e14200000)]
  0x000001a9304a6800 JavaThread "File Watcher" daemon [_thread_blocked, id=8132, stack(0x0000005e13f00000,0x0000005e14000000)]
  0x000001a9304a7000 JavaThread "File Watcher" daemon [_thread_blocked, id=8784, stack(0x0000005e11200000,0x0000005e11300000)]
  0x000001a930541000 JavaThread "File Watcher" daemon [_thread_blocked, id=12440, stack(0x0000005e14300000,0x0000005e14400000)]
  0x000001a92c330000 JavaThread "File Watcher" daemon [_thread_blocked, id=3368, stack(0x0000005e14600000,0x0000005e14700000)]
  0x000001a92c331000 JavaThread "Thread-213" [_thread_blocked, id=3124, stack(0x0000005e14200000,0x0000005e14300000)]
  0x000001a930542800 JavaThread "RMI TCP Connection(304)-127.0.0.1" daemon [_thread_in_native, id=2316, stack(0x0000005e15b00000,0x0000005e15c00000)]
  0x000001a930545000 JavaThread "File Watcher" daemon [_thread_blocked, id=1648, stack(0x0000005e14400000,0x0000005e14500000)]
  0x000001a92c33e000 JavaThread "RMI TCP Connection(303)-127.0.0.1" daemon [_thread_in_native, id=9276, stack(0x0000005e15f00000,0x0000005e16000000)]
  0x000001a92d3f4800 JavaThread "File Watcher" daemon [_thread_blocked, id=1796, stack(0x0000005e14500000,0x0000005e14600000)]
  0x000001a92c33d000 JavaThread "RMI TCP Connection(305)-127.0.0.1" daemon [_thread_in_native, id=11904, stack(0x0000005e16000000,0x0000005e16100000)]
  0x000001a930543800 JavaThread "RMI TCP Connection(306)-127.0.0.1" daemon [_thread_in_native, id=7260, stack(0x0000005e16100000,0x0000005e16200000)]
  0x000001a93053f000 JavaThread "File Watcher" daemon [_thread_blocked, id=4952, stack(0x0000005e14b00000,0x0000005e14c00000)]
=>0x000001a930544000 JavaThread "restartedMain" [_thread_in_vm, id=10092, stack(0x0000005e14a00000,0x0000005e14b00000)]

Other Threads:
  0x000001a92bc62000 VMThread "VM Thread" [stack: 0x0000005e11a00000,0x0000005e11b00000] [id=3664]
  0x000001a92c4ba000 WatcherThread [stack: 0x0000005e12800000,0x0000005e12900000] [id=4092]
  0x000001a90f809800 GCTaskThread "GC Thread#0" [stack: 0x0000005e11500000,0x0000005e11600000] [id=10932]
  0x000001a92c5a5000 GCTaskThread "GC Thread#1" [stack: 0x0000005e12d00000,0x0000005e12e00000] [id=4464]
  0x000001a92c5a5800 GCTaskThread "GC Thread#2" [stack: 0x0000005e12e00000,0x0000005e12f00000] [id=4484]
  0x000001a92d642800 GCTaskThread "GC Thread#3" [stack: 0x0000005e13300000,0x0000005e13400000] [id=1940]
  0x000001a90f81c000 ConcurrentGCThread "G1 Main Marker" [stack: 0x0000005e11600000,0x0000005e11700000] [id=752]
  0x000001a90f81d800 ConcurrentGCThread "G1 Conc#0" [stack: 0x0000005e11700000,0x0000005e11800000] [id=11256]
  0x000001a92b281800 ConcurrentGCThread "G1 Refine#0" [stack: 0x0000005e11800000,0x0000005e11900000] [id=8656]
  0x000001a92c5d1800 ConcurrentGCThread "G1 Refine#1" [stack: 0x0000005e12f00000,0x0000005e13000000] [id=9152]
  0x000001a9320fe000 ConcurrentGCThread "G1 Refine#2" [stack: 0x0000005e14000000,0x0000005e14100000] [id=8156]
  0x000001a92b283800 ConcurrentGCThread "G1 Young RemSet Sampling" [stack: 0x0000005e11900000,0x0000005e11a00000] [id=8480]

Threads with active compile tasks:

VM state:not at safepoint (normal execution)

VM Mutex/Monitor currently owned by a thread: None

Heap address: 0x0000000081c00000, size: 2020 MB, Compressed Oops mode: 32-bit
Narrow klass base: 0x0000000000000000, Narrow klass shift: 3
Compressed class space size: 1073741824 Address: 0x0000000100000000

Heap:
 garbage-first heap   total 132096K, used 69446K [0x0000000081c00000, 0x0000000100000000)
  region size 1024K, 40 young (40960K), 4 survivors (4096K)
 Metaspace       used 65626K, capacity 68407K, committed 80848K, reserved 1120256K
  class space    used 8644K, capacity 9549K, committed 11136K, reserved 1048576K
Heap Regions: E=young(eden), S=young(survivor), O=old, HS=humongous(starts), HC=humongous(continues), CS=collection set, F=free, OA=open archive, CA=closed archive, TAMS=top-at-mark-start (previous, next)
|   0|0x0000000081c00000, 0x0000000081d00000, 0x0000000081d00000|100%|HS|  |TAMS 0x0000000081d00000, 0x0000000081c00000| Complete 
|   1|0x0000000081d00000, 0x0000000081dfffe8, 0x0000000081e00000| 99%| O|  |TAMS 0x0000000081dfffe8, 0x0000000081d00000| Untracked 
|   2|0x0000000081e00000, 0x0000000081efee88, 0x0000000081f00000| 99%| O|  |TAMS 0x0000000081efee88, 0x0000000081e00000| Untracked 
|   3|0x0000000081f00000, 0x0000000081ffffc8, 0x0000000082000000| 99%| O|  |TAMS 0x0000000081ffffc8, 0x0000000081f00000| Untracked 
|   4|0x0000000082000000, 0x00000000820ffff8, 0x0000000082100000| 99%| O|  |TAMS 0x00000000820ffff8, 0x0000000082000000| Untracked 
|   5|0x0000000082100000, 0x00000000821ffff8, 0x0000000082200000| 99%| O|  |TAMS 0x00000000821ffff8, 0x0000000082100000| Untracked 
|   6|0x0000000082200000, 0x0000000082300000, 0x0000000082300000|100%| O|  |TAMS 0x0000000082300000, 0x0000000082200000| Untracked 
|   7|0x0000000082300000, 0x00000000823ffff8, 0x0000000082400000| 99%| O|  |TAMS 0x00000000823ffff8, 0x0000000082300000| Untracked 
|   8|0x0000000082400000, 0x00000000824ffff0, 0x0000000082500000| 99%| O|  |TAMS 0x00000000824ffff0, 0x0000000082400000| Untracked 
|   9|0x0000000082500000, 0x0000000082600000, 0x0000000082600000|100%| O|  |TAMS 0x0000000082600000, 0x0000000082500000| Untracked 
|  10|0x0000000082600000, 0x00000000826fbe88, 0x0000000082700000| 98%| O|  |TAMS 0x00000000826fbe88, 0x0000000082600000| Untracked 
|  11|0x0000000082700000, 0x00000000827ffdb8, 0x0000000082800000| 99%| O|  |TAMS 0x00000000827ffdb8, 0x0000000082700000| Untracked 
|  12|0x0000000082800000, 0x00000000828ffff8, 0x0000000082900000| 99%| O|  |TAMS 0x00000000828ffff8, 0x0000000082800000| Untracked 
|  13|0x0000000082900000, 0x0000000082a00000, 0x0000000082a00000|100%| O|  |TAMS 0x0000000082a00000, 0x0000000082900000| Untracked 
|  14|0x0000000082a00000, 0x0000000082af75d0, 0x0000000082b00000| 96%| O|  |TAMS 0x0000000082af75d0, 0x0000000082a00000| Untracked 
|  15|0x0000000082b00000, 0x0000000082b2cc00, 0x0000000082c00000| 17%| O|  |TAMS 0x0000000082b00000, 0x0000000082b00000| Untracked 
|  16|0x0000000082c00000, 0x0000000082c00000, 0x0000000082d00000|  0%| F|  |TAMS 0x0000000082c00000, 0x0000000082c00000| Untracked 
|  17|0x0000000082d00000, 0x0000000082dfffc0, 0x0000000082e00000| 99%| O|  |TAMS 0x0000000082dfffc0, 0x0000000082d00000| Untracked 
|  18|0x0000000082e00000, 0x0000000082e00000, 0x0000000082f00000|  0%| F|  |TAMS 0x0000000082e00000, 0x0000000082e00000| Untracked 
|  19|0x0000000082f00000, 0x0000000082fffe50, 0x0000000083000000| 99%| O|  |TAMS 0x0000000082fffe50, 0x0000000082f00000| Untracked 
|  20|0x0000000083000000, 0x00000000830fffe8, 0x0000000083100000| 99%| O|  |TAMS 0x00000000830fffe8, 0x0000000083000000| Untracked 
|  21|0x0000000083100000, 0x0000000083200000, 0x0000000083200000|100%| O|  |TAMS 0x0000000083200000, 0x0000000083100000| Untracked 
|  22|0x0000000083200000, 0x0000000083200000, 0x0000000083300000|  0%| F|  |TAMS 0x0000000083200000, 0x0000000083200000| Untracked 
|  23|0x0000000083300000, 0x0000000083400000, 0x0000000083400000|100%| O|  |TAMS 0x0000000083400000, 0x0000000083300000| Untracked 
|  24|0x0000000083400000, 0x0000000083400000, 0x0000000083500000|  0%| F|  |TAMS 0x0000000083400000, 0x0000000083400000| Untracked 
|  25|0x0000000083500000, 0x0000000083500000, 0x0000000083600000|  0%| F|  |TAMS 0x0000000083500000, 0x0000000083500000| Untracked 
|  26|0x0000000083600000, 0x0000000083600000, 0x0000000083700000|  0%| F|  |TAMS 0x0000000083600000, 0x0000000083600000| Untracked 
|  27|0x0000000083700000, 0x0000000083800000, 0x0000000083800000|100%| O|  |TAMS 0x0000000083800000, 0x0000000083700000| Untracked 
|  28|0x0000000083800000, 0x0000000083800000, 0x0000000083900000|  0%| F|  |TAMS 0x0000000083800000, 0x0000000083800000| Untracked 
|  29|0x0000000083900000, 0x0000000083a00000, 0x0000000083a00000|100%| O|  |TAMS 0x0000000083a00000, 0x0000000083900000| Untracked 
|  30|0x0000000083a00000, 0x0000000083b00000, 0x0000000083b00000|100%| O|  |TAMS 0x0000000083b00000, 0x0000000083a00000| Untracked 
|  31|0x0000000083b00000, 0x0000000083c00000, 0x0000000083c00000|100%| O|  |TAMS 0x0000000083c00000, 0x0000000083b00000| Untracked 
|  32|0x0000000083c00000, 0x0000000083c00000, 0x0000000083d00000|  0%| F|  |TAMS 0x0000000083c00000, 0x0000000083c00000| Untracked 
|  33|0x0000000083d00000, 0x0000000083e00000, 0x0000000083e00000|100%| O|  |TAMS 0x0000000083e00000, 0x0000000083d00000| Untracked 
|  34|0x0000000083e00000, 0x0000000083f00000, 0x0000000083f00000|100%| O|  |TAMS 0x0000000083f00000, 0x0000000083e00000| Untracked 
|  35|0x0000000083f00000, 0x0000000084000000, 0x0000000084000000|100%| O|  |TAMS 0x0000000084000000, 0x0000000083f00000| Untracked 
|  36|0x0000000084000000, 0x0000000084100000, 0x0000000084100000|100%| O|  |TAMS 0x0000000084100000, 0x0000000084000000| Untracked 
|  37|0x0000000084100000, 0x0000000084200000, 0x0000000084200000|100%| O|  |TAMS 0x0000000084200000, 0x0000000084100000| Untracked 
|  38|0x0000000084200000, 0x0000000084300000, 0x0000000084300000|100%| O|  |TAMS 0x0000000084261600, 0x0000000084200000| Untracked 
|  39|0x0000000084300000, 0x0000000084300000, 0x0000000084400000|  0%| F|  |TAMS 0x0000000084300000, 0x0000000084300000| Untracked 
|  40|0x0000000084400000, 0x0000000084400000, 0x0000000084500000|  0%| F|  |TAMS 0x0000000084400000, 0x0000000084400000| Untracked 
|  41|0x0000000084500000, 0x0000000084500000, 0x0000000084600000|  0%| F|  |TAMS 0x0000000084500000, 0x0000000084500000| Untracked 
|  42|0x0000000084600000, 0x0000000084600000, 0x0000000084700000|  0%| F|  |TAMS 0x0000000084600000, 0x0000000084600000| Untracked 
|  43|0x0000000084700000, 0x0000000084700000, 0x0000000084800000|  0%| F|  |TAMS 0x0000000084700000, 0x0000000084700000| Untracked 
|  44|0x0000000084800000, 0x0000000084800000, 0x0000000084900000|  0%| F|  |TAMS 0x0000000084800000, 0x0000000084800000| Untracked 
|  45|0x0000000084900000, 0x0000000084900000, 0x0000000084a00000|  0%| F|  |TAMS 0x0000000084900000, 0x0000000084900000| Untracked 
|  46|0x0000000084a00000, 0x0000000084a00000, 0x0000000084b00000|  0%| F|  |TAMS 0x0000000084a00000, 0x0000000084a00000| Untracked 
|  47|0x0000000084b00000, 0x0000000084b00000, 0x0000000084c00000|  0%| F|  |TAMS 0x0000000084b00000, 0x0000000084b00000| Untracked 
|  48|0x0000000084c00000, 0x0000000084c00000, 0x0000000084d00000|  0%| F|  |TAMS 0x0000000084c00000, 0x0000000084c00000| Untracked 
|  49|0x0000000084d00000, 0x0000000084d00000, 0x0000000084e00000|  0%| F|  |TAMS 0x0000000084d00000, 0x0000000084d00000| Untracked 
|  50|0x0000000084e00000, 0x0000000084e00000, 0x0000000084f00000|  0%| F|  |TAMS 0x0000000084e00000, 0x0000000084e00000| Untracked 
|  51|0x0000000084f00000, 0x0000000084f00000, 0x0000000085000000|  0%| F|  |TAMS 0x0000000084f00000, 0x0000000084f00000| Untracked 
|  52|0x0000000085000000, 0x0000000085000000, 0x0000000085100000|  0%| F|  |TAMS 0x0000000085000000, 0x0000000085000000| Untracked 
|  53|0x0000000085100000, 0x0000000085100000, 0x0000000085200000|  0%| F|  |TAMS 0x0000000085100000, 0x0000000085100000| Untracked 
|  54|0x0000000085200000, 0x0000000085200000, 0x0000000085300000|  0%| F|  |TAMS 0x0000000085200000, 0x0000000085200000| Untracked 
|  55|0x0000000085300000, 0x0000000085300000, 0x0000000085400000|  0%| F|  |TAMS 0x0000000085300000, 0x0000000085300000| Untracked 
|  56|0x0000000085400000, 0x0000000085400000, 0x0000000085500000|  0%| F|  |TAMS 0x0000000085400000, 0x0000000085400000| Untracked 
|  57|0x0000000085500000, 0x0000000085500000, 0x0000000085600000|  0%| F|  |TAMS 0x0000000085500000, 0x0000000085500000| Untracked 
|  58|0x0000000085600000, 0x0000000085600000, 0x0000000085700000|  0%| F|  |TAMS 0x0000000085600000, 0x0000000085600000| Untracked 
|  59|0x0000000085700000, 0x0000000085700000, 0x0000000085800000|  0%| F|  |TAMS 0x0000000085700000, 0x0000000085700000| Untracked 
|  60|0x0000000085800000, 0x0000000085800000, 0x0000000085900000|  0%| F|  |TAMS 0x0000000085800000, 0x0000000085800000| Untracked 
|  61|0x0000000085900000, 0x0000000085900000, 0x0000000085a00000|  0%| F|  |TAMS 0x0000000085900000, 0x0000000085900000| Untracked 
|  62|0x0000000085a00000, 0x0000000085a00000, 0x0000000085b00000|  0%| F|  |TAMS 0x0000000085a00000, 0x0000000085a00000| Untracked 
|  63|0x0000000085b00000, 0x0000000085b00000, 0x0000000085c00000|  0%| F|  |TAMS 0x0000000085b00000, 0x0000000085b00000| Untracked 
|  64|0x0000000085c00000, 0x0000000085c00000, 0x0000000085d00000|  0%| F|  |TAMS 0x0000000085c00000, 0x0000000085c00000| Untracked 
|  65|0x0000000085d00000, 0x0000000085d00000, 0x0000000085e00000|  0%| F|  |TAMS 0x0000000085d00000, 0x0000000085d00000| Untracked 
|  66|0x0000000085e00000, 0x0000000085e00000, 0x0000000085f00000|  0%| F|  |TAMS 0x0000000085e00000, 0x0000000085e00000| Untracked 
|  67|0x0000000085f00000, 0x0000000085f00000, 0x0000000086000000|  0%| F|  |TAMS 0x0000000085f00000, 0x0000000085f00000| Untracked 
|  68|0x0000000086000000, 0x0000000086000000, 0x0000000086100000|  0%| F|  |TAMS 0x0000000086000000, 0x0000000086000000| Untracked 
|  69|0x0000000086100000, 0x0000000086100000, 0x0000000086200000|  0%| F|  |TAMS 0x0000000086100000, 0x0000000086100000| Untracked 
|  70|0x0000000086200000, 0x0000000086200000, 0x0000000086300000|  0%| F|  |TAMS 0x0000000086200000, 0x0000000086200000| Untracked 
|  71|0x0000000086300000, 0x0000000086300000, 0x0000000086400000|  0%| F|  |TAMS 0x0000000086300000, 0x0000000086300000| Untracked 
|  72|0x0000000086400000, 0x0000000086400000, 0x0000000086500000|  0%| F|  |TAMS 0x0000000086400000, 0x0000000086400000| Untracked 
|  73|0x0000000086500000, 0x0000000086500000, 0x0000000086600000|  0%| F|  |TAMS 0x0000000086500000, 0x0000000086500000| Untracked 
|  74|0x0000000086600000, 0x0000000086600000, 0x0000000086700000|  0%| F|  |TAMS 0x0000000086600000, 0x0000000086600000| Untracked 
|  75|0x0000000086700000, 0x0000000086700000, 0x0000000086800000|  0%| F|  |TAMS 0x0000000086700000, 0x0000000086700000| Untracked 
|  76|0x0000000086800000, 0x0000000086800000, 0x0000000086900000|  0%| F|  |TAMS 0x0000000086800000, 0x0000000086800000| Untracked 
|  77|0x0000000086900000, 0x0000000086900000, 0x0000000086a00000|  0%| F|  |TAMS 0x0000000086900000, 0x0000000086900000| Untracked 
|  78|0x0000000086a00000, 0x0000000086a00000, 0x0000000086b00000|  0%| F|  |TAMS 0x0000000086a00000, 0x0000000086a00000| Untracked 
|  79|0x0000000086b00000, 0x0000000086b00000, 0x0000000086c00000|  0%| F|  |TAMS 0x0000000086b00000, 0x0000000086b00000| Untracked 
|  80|0x0000000086c00000, 0x0000000086c00000, 0x0000000086d00000|  0%| F|  |TAMS 0x0000000086c00000, 0x0000000086c00000| Untracked 
|  81|0x0000000086d00000, 0x0000000086d00000, 0x0000000086e00000|  0%| F|  |TAMS 0x0000000086d00000, 0x0000000086d00000| Untracked 
|  82|0x0000000086e00000, 0x0000000086e00000, 0x0000000086f00000|  0%| F|  |TAMS 0x0000000086e00000, 0x0000000086e00000| Untracked 
|  83|0x0000000086f00000, 0x0000000086f00000, 0x0000000087000000|  0%| F|  |TAMS 0x0000000086f00000, 0x0000000086f00000| Untracked 
|  84|0x0000000087000000, 0x0000000087000000, 0x0000000087100000|  0%| F|  |TAMS 0x0000000087000000, 0x0000000087000000| Untracked 
|  85|0x0000000087100000, 0x0000000087100000, 0x0000000087200000|  0%| F|  |TAMS 0x0000000087100000, 0x0000000087100000| Untracked 
|  86|0x0000000087200000, 0x0000000087200000, 0x0000000087300000|  0%| F|  |TAMS 0x0000000087200000, 0x0000000087200000| Untracked 
|  87|0x0000000087300000, 0x0000000087300000, 0x0000000087400000|  0%| F|  |TAMS 0x0000000087300000, 0x0000000087300000| Untracked 
|  88|0x0000000087400000, 0x0000000087400000, 0x0000000087500000|  0%| F|  |TAMS 0x0000000087400000, 0x0000000087400000| Untracked 
|  89|0x0000000087500000, 0x000000008757e7b8, 0x0000000087600000| 49%| E|  |TAMS 0x0000000087500000, 0x0000000087500000| Complete 
|  90|0x0000000087600000, 0x0000000087700000, 0x0000000087700000|100%| E|CS|TAMS 0x0000000087600000, 0x0000000087600000| Complete 
|  91|0x0000000087700000, 0x0000000087800000, 0x0000000087800000|100%| E|CS|TAMS 0x0000000087700000, 0x0000000087700000| Complete 
|  92|0x0000000087800000, 0x0000000087900000, 0x0000000087900000|100%| E|CS|TAMS 0x0000000087800000, 0x0000000087800000| Complete 
|  93|0x0000000087900000, 0x0000000087a00000, 0x0000000087a00000|100%| E|CS|TAMS 0x0000000087900000, 0x0000000087900000| Complete 
|  94|0x0000000087a00000, 0x0000000087b00000, 0x0000000087b00000|100%| E|CS|TAMS 0x0000000087a00000, 0x0000000087a00000| Complete 
|  95|0x0000000087b00000, 0x0000000087c00000, 0x0000000087c00000|100%| E|  |TAMS 0x0000000087b00000, 0x0000000087b00000| Complete 
|  96|0x0000000087c00000, 0x0000000087d00000, 0x0000000087d00000|100%| E|CS|TAMS 0x0000000087c00000, 0x0000000087c00000| Complete 
|  97|0x0000000087d00000, 0x0000000087e00000, 0x0000000087e00000|100%| E|CS|TAMS 0x0000000087d00000, 0x0000000087d00000| Complete 
|  98|0x0000000087e00000, 0x0000000087f00000, 0x0000000087f00000|100%| E|CS|TAMS 0x0000000087e00000, 0x0000000087e00000| Complete 
|  99|0x0000000087f00000, 0x0000000088000000, 0x0000000088000000|100%| E|CS|TAMS 0x0000000087f00000, 0x0000000087f00000| Complete 
| 100|0x0000000088000000, 0x0000000088100000, 0x0000000088100000|100%| E|CS|TAMS 0x0000000088000000, 0x0000000088000000| Complete 
| 101|0x0000000088100000, 0x0000000088200000, 0x0000000088200000|100%| E|CS|TAMS 0x0000000088100000, 0x0000000088100000| Complete 
| 102|0x0000000088200000, 0x0000000088300000, 0x0000000088300000|100%| E|CS|TAMS 0x0000000088200000, 0x0000000088200000| Complete 
| 103|0x0000000088300000, 0x0000000088400000, 0x0000000088400000|100%| E|CS|TAMS 0x0000000088300000, 0x0000000088300000| Complete 
| 104|0x0000000088400000, 0x0000000088500000, 0x0000000088500000|100%| E|CS|TAMS 0x0000000088400000, 0x0000000088400000| Complete 
| 105|0x0000000088500000, 0x0000000088600000, 0x0000000088600000|100%| E|CS|TAMS 0x0000000088500000, 0x0000000088500000| Complete 
| 106|0x0000000088600000, 0x0000000088700000, 0x0000000088700000|100%| E|CS|TAMS 0x0000000088600000, 0x0000000088600000| Complete 
| 107|0x0000000088700000, 0x0000000088800000, 0x0000000088800000|100%| E|CS|TAMS 0x0000000088700000, 0x0000000088700000| Complete 
| 108|0x0000000088800000, 0x0000000088900000, 0x0000000088900000|100%| E|CS|TAMS 0x0000000088800000, 0x0000000088800000| Complete 
| 109|0x0000000088900000, 0x0000000088a00000, 0x0000000088a00000|100%| E|CS|TAMS 0x0000000088900000, 0x0000000088900000| Complete 
| 110|0x0000000088a00000, 0x0000000088b00000, 0x0000000088b00000|100%| E|CS|TAMS 0x0000000088a00000, 0x0000000088a00000| Complete 
| 111|0x0000000088b00000, 0x0000000088c00000, 0x0000000088c00000|100%| E|CS|TAMS 0x0000000088b00000, 0x0000000088b00000| Complete 
| 112|0x0000000088c00000, 0x0000000088d00000, 0x0000000088d00000|100%| E|CS|TAMS 0x0000000088c00000, 0x0000000088c00000| Complete 
| 113|0x0000000088d00000, 0x0000000088e00000, 0x0000000088e00000|100%| E|CS|TAMS 0x0000000088d00000, 0x0000000088d00000| Complete 
| 114|0x0000000088e00000, 0x0000000088f00000, 0x0000000088f00000|100%| E|CS|TAMS 0x0000000088e00000, 0x0000000088e00000| Complete 
| 115|0x0000000088f00000, 0x0000000088fb3080, 0x0000000089000000| 69%| S|CS|TAMS 0x0000000088f00000, 0x0000000088f00000| Complete 
| 116|0x0000000089000000, 0x0000000089100000, 0x0000000089100000|100%| S|CS|TAMS 0x0000000089000000, 0x0000000089000000| Complete 
| 117|0x0000000089100000, 0x0000000089200000, 0x0000000089200000|100%| S|CS|TAMS 0x0000000089100000, 0x0000000089100000| Complete 
| 118|0x0000000089200000, 0x0000000089300000, 0x0000000089300000|100%| S|CS|TAMS 0x0000000089200000, 0x0000000089200000| Complete 
| 119|0x0000000089300000, 0x0000000089400000, 0x0000000089400000|100%| E|CS|TAMS 0x0000000089300000, 0x0000000089300000| Complete 
| 120|0x0000000089400000, 0x0000000089500000, 0x0000000089500000|100%| E|CS|TAMS 0x0000000089400000, 0x0000000089400000| Complete 
| 121|0x0000000089500000, 0x0000000089600000, 0x0000000089600000|100%| E|CS|TAMS 0x0000000089500000, 0x0000000089500000| Complete 
| 122|0x0000000089600000, 0x0000000089700000, 0x0000000089700000|100%| E|CS|TAMS 0x0000000089600000, 0x0000000089600000| Complete 
| 123|0x0000000089700000, 0x0000000089800000, 0x0000000089800000|100%| E|CS|TAMS 0x0000000089700000, 0x0000000089700000| Complete 
| 124|0x0000000089800000, 0x0000000089900000, 0x0000000089900000|100%| E|CS|TAMS 0x0000000089800000, 0x0000000089800000| Complete 
| 125|0x0000000089900000, 0x0000000089a00000, 0x0000000089a00000|100%| E|CS|TAMS 0x0000000089900000, 0x0000000089900000| Complete 
| 126|0x0000000089a00000, 0x0000000089b00000, 0x0000000089b00000|100%| E|CS|TAMS 0x0000000089a00000, 0x0000000089a00000| Complete 
| 127|0x0000000089b00000, 0x0000000089c00000, 0x0000000089c00000|100%| E|CS|TAMS 0x0000000089b00000, 0x0000000089b00000| Complete 
| 128|0x0000000089c00000, 0x0000000089d00000, 0x0000000089d00000|100%| E|CS|TAMS 0x0000000089c00000, 0x0000000089c00000| Complete 

Card table byte_map: [0x000001a9246b0000,0x000001a924ab0000] _byte_map_base: 0x000001a9242a2000

Marking Bits (Prev, Next): (CMBitMap*) 0x000001a90f80b168, (CMBitMap*) 0x000001a90f80b1a8
 Prev Bits: [0x000001a924eb0000, 0x000001a926e40000)
 Next Bits: [0x000001a926e40000, 0x000001a928dd0000)

Polling page: 0x000001a90f890000

Metaspace:

Usage:
  Non-class:     57.48 MB capacity,    55.65 MB ( 97%) used,     1.57 MB (  3%) free+waste,   266.88 KB ( <1%) overhead. 
      Class:      9.33 MB capacity,     8.44 MB ( 91%) used,   775.84 KB (  8%) free+waste,   128.56 KB (  1%) overhead. 
       Both:     66.80 MB capacity,    64.09 MB ( 96%) used,     2.33 MB (  3%) free+waste,   395.44 KB ( <1%) overhead. 

Virtual space:
  Non-class space:       70.00 MB reserved,      68.08 MB ( 97%) committed 
      Class space:        1.00 GB reserved,      10.88 MB (  1%) committed 
             Both:        1.07 GB reserved,      78.95 MB (  7%) committed 

Chunk freelists:
   Non-Class:  10.60 MB
       Class:  1.46 MB
        Both:  12.06 MB

MaxMetaspaceSize: 17179869184.00 GB
CompressedClassSpaceSize: 1.00 GB

CodeHeap 'non-profiled nmethods': size=238912Kb used=24178Kb max_used=24178Kb free=214733Kb
 bounds [0x000001a915340000, 0x000001a916ae0000, 0x000001a923c90000]
CodeHeap 'non-nmethods': size=6848Kb used=1340Kb max_used=1340Kb free=5507Kb
 bounds [0x000001a914c90000, 0x000001a914f00000, 0x000001a915340000]
 total_blobs=14910 nmethods=14272 adapters=562
 compilation: enabled
              stopped_count=0, restarted_count=0
 full_count=0

Compilation events (20 events):
Event: 10357.727 Thread 0x000001a92bca7000 14403       1       org.springframework.core.convert.TypeDescriptor::<init> (53 bytes)
Event: 10357.727 Thread 0x000001a92bca7000 nmethod 14403 0x000001a916ad9510 code [0x000001a916ad9720, 0x000001a916ad9d08]
Event: 10357.727 Thread 0x000001a92bca7000 14404       1       org.springframework.core.convert.Property::getType (8 bytes)
Event: 10357.727 Thread 0x000001a92bca7000 nmethod 14404 0x000001a916ad9f90 code [0x000001a916ada120, 0x000001a916ada208]
Event: 10357.727 Thread 0x000001a92bca7000 14405       1       org.springframework.data.repository.core.support.RepositoryComposition$RepositoryFragments::<init> (32 bytes)
Event: 10357.728 Thread 0x000001a92bca7000 nmethod 14405 0x000001a916ada310 code [0x000001a916ada4e0, 0x000001a916ada7c8]
Event: 10357.729 Thread 0x000001a92bca7000 14406       1       org.springframework.aop.framework.JdkDynamicAopProxy::findDefinedEqualsAndHashCodeMethods (107 bytes)
Event: 10357.730 Thread 0x000001a92bca7000 nmethod 14406 0x000001a916ada890 code [0x000001a916adaa80, 0x000001a916adadd8]
Event: 10357.731 Thread 0x000001a92bca7000 14407       1       java.util.regex.CharPredicates$$Lambda$1130/0x0000000100a6bc40::is (9 bytes)
Event: 10357.732 Thread 0x000001a92bca7000 nmethod 14407 0x000001a916adb110 code [0x000001a916adb2a0, 0x000001a916adb3f8]
Event: 10357.732 Thread 0x000001a92bca7000 14408       1       java.util.regex.CharPredicates::lambda$ctype$14 (21 bytes)
Event: 10357.732 Thread 0x000001a92bca7000 nmethod 14408 0x000001a916adb510 code [0x000001a916adb6a0, 0x000001a916adb7d8]
Event: 10357.741 Thread 0x000001a92bca7000 14409       1       org.springframework.context.support.DefaultLifecycleProcessor::getBeanFactory (21 bytes)
Event: 10357.741 Thread 0x000001a92bca7000 nmethod 14409 0x000001a916adb890 code [0x000001a916adba40, 0x000001a916adbbc8]
Event: 10357.807 Thread 0x000001a92bca7000 14410       1       org.hibernate.cfg.Settings::getMultiTenancyStrategy (10 bytes)
Event: 10357.807 Thread 0x000001a92bca7000 nmethod 14410 0x000001a916adbc90 code [0x000001a916adbe20, 0x000001a916adbf18]
Event: 10358.624 Thread 0x000001a92bca7000 14411       1       java.lang.Exception::<init> (6 bytes)
Event: 10358.624 Thread 0x000001a92bca7000 nmethod 14411 0x000001a916adc010 code [0x000001a916adc1a0, 0x000001a916adc268]
Event: 10358.624 Thread 0x000001a92bca7000 14412       1       java.lang.Throwable::<init> (50 bytes)
Event: 10358.625 Thread 0x000001a92bca7000 nmethod 14412 0x000001a916adc310 code [0x000001a916adc4e0, 0x000001a916adc7f8]

GC Heap History (20 events):
Event: 10110.616 GC heap before
{Heap before GC invocations=309 (full 22):
 garbage-first heap   total 106496K, used 78688K [0x0000000081c00000, 0x0000000100000000)
  region size 1024K, 52 young (53248K), 3 survivors (3072K)
 Metaspace       used 64463K, capacity 67088K, committed 80848K, reserved 1120256K
  class space    used 8522K, capacity 9405K, committed 11136K, reserved 1048576K
}
Event: 10110.623 GC heap after
{Heap after GC invocations=310 (full 22):
 garbage-first heap   total 106496K, used 31820K [0x0000000081c00000, 0x0000000100000000)
  region size 1024K, 6 young (6144K), 6 survivors (6144K)
 Metaspace       used 64463K, capacity 67088K, committed 80848K, reserved 1120256K
  class space    used 8522K, capacity 9405K, committed 11136K, reserved 1048576K
}
Event: 10110.841 GC heap before
{Heap before GC invocations=310 (full 22):
 garbage-first heap   total 106496K, used 85068K [0x0000000081c00000, 0x0000000100000000)
  region size 1024K, 59 young (60416K), 6 survivors (6144K)
 Metaspace       used 64780K, capacity 67428K, committed 80848K, reserved 1120256K
  class space    used 8554K, capacity 9421K, committed 11136K, reserved 1048576K
}
Event: 10110.848 GC heap after
{Heap after GC invocations=311 (full 22):
 garbage-first heap   total 106496K, used 33833K [0x0000000081c00000, 0x0000000100000000)
  region size 1024K, 5 young (5120K), 5 survivors (5120K)
 Metaspace       used 64780K, capacity 67428K, committed 80848K, reserved 1120256K
  class space    used 8554K, capacity 9421K, committed 11136K, reserved 1048576K
}
Event: 10181.706 GC heap before
{Heap before GC invocations=311 (full 22):
 garbage-first heap   total 106496K, used 85033K [0x0000000081c00000, 0x0000000100000000)
  region size 1024K, 56 young (57344K), 5 survivors (5120K)
 Metaspace       used 64812K, capacity 67476K, committed 80848K, reserved 1120256K
  class space    used 8559K, capacity 9430K, committed 11136K, reserved 1048576K
}
Event: 10181.713 GC heap after
{Heap after GC invocations=312 (full 22):
 garbage-first heap   total 106496K, used 34094K [0x0000000081c00000, 0x0000000100000000)
  region size 1024K, 3 young (3072K), 3 survivors (3072K)
 Metaspace       used 64812K, capacity 67476K, committed 80848K, reserved 1120256K
  class space    used 8559K, capacity 9430K, committed 11136K, reserved 1048576K
}
Event: 10276.381 GC heap before
{Heap before GC invocations=312 (full 22):
 garbage-first heap   total 106496K, used 86318K [0x0000000081c00000, 0x0000000100000000)
  region size 1024K, 54 young (55296K), 3 survivors (3072K)
 Metaspace       used 64815K, capacity 67482K, committed 80848K, reserved 1120256K
  class space    used 8560K, capacity 9432K, committed 11136K, reserved 1048576K
}
Event: 10276.387 GC heap after
{Heap after GC invocations=313 (full 22):
 garbage-first heap   total 106496K, used 34468K [0x0000000081c00000, 0x0000000100000000)
  region size 1024K, 4 young (4096K), 4 survivors (4096K)
 Metaspace       used 64815K, capacity 67482K, committed 80848K, reserved 1120256K
  class space    used 8560K, capacity 9432K, committed 11136K, reserved 1048576K
}
Event: 10276.632 GC heap before
{Heap before GC invocations=314 (full 22):
 garbage-first heap   total 106496K, used 84648K [0x0000000081c00000, 0x0000000100000000)
  region size 1024K, 55 young (56320K), 4 survivors (4096K)
 Metaspace       used 64839K, capacity 67513K, committed 80848K, reserved 1120256K
  class space    used 8566K, capacity 9441K, committed 11136K, reserved 1048576K
}
Event: 10276.637 GC heap after
{Heap after GC invocations=315 (full 22):
 garbage-first heap   total 106496K, used 34337K [0x0000000081c00000, 0x0000000100000000)
  region size 1024K, 5 young (5120K), 5 survivors (5120K)
 Metaspace       used 64839K, capacity 67513K, committed 80848K, reserved 1120256K
  class space    used 8566K, capacity 9441K, committed 11136K, reserved 1048576K
}
Event: 10276.638 GC heap before
{Heap before GC invocations=315 (full 22):
 garbage-first heap   total 106496K, used 34337K [0x0000000081c00000, 0x0000000100000000)
  region size 1024K, 6 young (6144K), 5 survivors (5120K)
 Metaspace       used 64839K, capacity 67513K, committed 80848K, reserved 1120256K
  class space    used 8566K, capacity 9441K, committed 11136K, reserved 1048576K
}
Event: 10276.647 GC heap after
{Heap after GC invocations=316 (full 22):
 garbage-first heap   total 106496K, used 30254K [0x0000000081c00000, 0x0000000100000000)
  region size 1024K, 1 young (1024K), 1 survivors (1024K)
 Metaspace       used 64839K, capacity 67513K, committed 80848K, reserved 1120256K
  class space    used 8566K, capacity 9441K, committed 11136K, reserved 1048576K
}
Event: 10276.829 GC heap before
{Heap before GC invocations=316 (full 22):
 garbage-first heap   total 106496K, used 86574K [0x0000000081c00000, 0x0000000100000000)
  region size 1024K, 57 young (58368K), 1 survivors (1024K)
 Metaspace       used 65055K, capacity 67779K, committed 80848K, reserved 1120256K
  class space    used 8587K, capacity 9481K, committed 11136K, reserved 1048576K
}
Event: 10276.833 GC heap after
{Heap after GC invocations=317 (full 22):
 garbage-first heap   total 106496K, used 32571K [0x0000000081c00000, 0x0000000100000000)
  region size 1024K, 3 young (3072K), 3 survivors (3072K)
 Metaspace       used 65055K, capacity 67779K, committed 80848K, reserved 1120256K
  class space    used 8587K, capacity 9481K, committed 11136K, reserved 1048576K
}
Event: 10339.989 GC heap before
{Heap before GC invocations=317 (full 22):
 garbage-first heap   total 106496K, used 86843K [0x0000000081c00000, 0x0000000100000000)
  region size 1024K, 56 young (57344K), 3 survivors (3072K)
 Metaspace       used 65264K, capacity 68004K, committed 80848K, reserved 1120256K
  class space    used 8603K, capacity 9488K, committed 11136K, reserved 1048576K
}
Event: 10339.993 GC heap after
{Heap after GC invocations=318 (full 22):
 garbage-first heap   total 106496K, used 33282K [0x0000000081c00000, 0x0000000100000000)
  region size 1024K, 4 young (4096K), 4 survivors (4096K)
 Metaspace       used 65264K, capacity 68004K, committed 80848K, reserved 1120256K
  class space    used 8603K, capacity 9488K, committed 11136K, reserved 1048576K
}
Event: 10357.449 GC heap before
{Heap before GC invocations=318 (full 22):
 garbage-first heap   total 106496K, used 86530K [0x0000000081c00000, 0x0000000100000000)
  region size 1024K, 57 young (58368K), 4 survivors (4096K)
 Metaspace       used 65292K, capacity 68042K, committed 80848K, reserved 1120256K
  class space    used 8610K, capacity 9498K, committed 11136K, reserved 1048576K
}
Event: 10357.454 GC heap after
{Heap after GC invocations=319 (full 22):
 garbage-first heap   total 106496K, used 35277K [0x0000000081c00000, 0x0000000100000000)
  region size 1024K, 6 young (6144K), 6 survivors (6144K)
 Metaspace       used 65292K, capacity 68042K, committed 80848K, reserved 1120256K
  class space    used 8610K, capacity 9498K, committed 11136K, reserved 1048576K
}
Event: 10357.590 GC heap before
{Heap before GC invocations=320 (full 22):
 garbage-first heap   total 132096K, used 86477K [0x0000000081c00000, 0x0000000100000000)
  region size 1024K, 57 young (58368K), 6 survivors (6144K)
 Metaspace       used 65428K, capacity 68210K, committed 80848K, reserved 1120256K
  class space    used 8619K, capacity 9533K, committed 11136K, reserved 1048576K
}
Event: 10357.595 GC heap after
{Heap after GC invocations=321 (full 22):
 garbage-first heap   total 132096K, used 34630K [0x0000000081c00000, 0x0000000100000000)
  region size 1024K, 4 young (4096K), 4 survivors (4096K)
 Metaspace       used 65428K, capacity 68210K, committed 80848K, reserved 1120256K
  class space    used 8619K, capacity 9533K, committed 11136K, reserved 1048576K
}

Deoptimization events (8 events):
Event: 3.114 Thread 0x000001a92d3f3000 DEOPT PACKING pc=0x000001a91563e1d4 sp=0x0000005e131fc6e0
Event: 3.114 Thread 0x000001a92d3f3000 DEOPT UNPACKING pc=0x000001a914cd964e sp=0x0000005e131fbc58 mode 0
Event: 5.607 Thread 0x000001a92d3f3000 DEOPT PACKING pc=0x000001a915618f83 sp=0x0000005e131fb9b0
Event: 5.607 Thread 0x000001a92d3f3000 DEOPT UNPACKING pc=0x000001a914cd964e sp=0x0000005e131faeb8 mode 3
Event: 5.612 Thread 0x000001a92d3f3000 DEOPT PACKING pc=0x000001a915615f56 sp=0x0000005e131fb970
Event: 5.612 Thread 0x000001a92d3f3000 DEOPT UNPACKING pc=0x000001a914cd964e sp=0x0000005e131faeb8 mode 3
Event: 2099.939 Thread 0x000001a9304ae800 DEOPT PACKING pc=0x000001a915bf6904 sp=0x0000005e144fd640
Event: 2099.939 Thread 0x000001a9304ae800 DEOPT UNPACKING pc=0x000001a914cd964e sp=0x0000005e144fca80 mode 0

Classes unloaded (20 events):
Event: 10110.093 Thread 0x000001a92bc62000 Unloading class 0x0000000100963c40 'jdk/internal/reflect/GeneratedMethodAccessor188'
Event: 10110.093 Thread 0x000001a92bc62000 Unloading class 0x0000000100963840 'jdk/internal/reflect/GeneratedMethodAccessor187'
Event: 10110.093 Thread 0x000001a92bc62000 Unloading class 0x0000000100963440 'jdk/internal/reflect/GeneratedMethodAccessor186'
Event: 10110.093 Thread 0x000001a92bc62000 Unloading class 0x0000000100962c40 'jdk/internal/reflect/GeneratedMethodAccessor185'
Event: 10110.093 Thread 0x000001a92bc62000 Unloading class 0x0000000100962840 'jdk/internal/reflect/GeneratedMethodAccessor184'
Event: 10110.093 Thread 0x000001a92bc62000 Unloading class 0x0000000100962040 'jdk/internal/reflect/GeneratedMethodAccessor183'
Event: 10110.093 Thread 0x000001a92bc62000 Unloading class 0x0000000100961c40 'jdk/internal/reflect/GeneratedMethodAccessor182'
Event: 10110.093 Thread 0x000001a92bc62000 Unloading class 0x0000000100960040 'jdk/internal/reflect/GeneratedMethodAccessor177'
Event: 10110.093 Thread 0x000001a92bc62000 Unloading class 0x00000001008ee040 'jdk/internal/reflect/GeneratedMethodAccessor137'
Event: 10110.093 Thread 0x000001a92bc62000 Unloading class 0x00000001008e9040 'jdk/internal/reflect/GeneratedMethodAccessor136'
Event: 10110.093 Thread 0x000001a92bc62000 Unloading class 0x00000001008c7c40 'jdk/internal/reflect/GeneratedMethodAccessor109'
Event: 10110.093 Thread 0x000001a92bc62000 Unloading class 0x00000001008c7840 'jdk/internal/reflect/GeneratedMethodAccessor108'
Event: 10110.093 Thread 0x000001a92bc62000 Unloading class 0x00000001008c4440 'jdk/internal/reflect/GeneratedMethodAccessor107'
Event: 10110.093 Thread 0x000001a92bc62000 Unloading class 0x00000001008c3440 'jdk/internal/reflect/GeneratedMethodAccessor106'
Event: 10110.093 Thread 0x000001a92bc62000 Unloading class 0x00000001008c2840 'jdk/internal/reflect/GeneratedMethodAccessor103'
Event: 10110.093 Thread 0x000001a92bc62000 Unloading class 0x00000001008c2440 'jdk/internal/reflect/GeneratedMethodAccessor102'
Event: 10110.093 Thread 0x000001a92bc62000 Unloading class 0x000000010088f840 'jdk/internal/reflect/GeneratedMethodAccessor70'
Event: 10110.093 Thread 0x000001a92bc62000 Unloading class 0x000000010088c440 'jdk/internal/reflect/GeneratedMethodAccessor69'
Event: 10110.093 Thread 0x000001a92bc62000 Unloading class 0x0000000100842440 'jdk/internal/reflect/GeneratedMethodAccessor46'
Event: 10357.515 Thread 0x000001a92bc62000 Unloading class 0x0000000100966840 'org/apache/catalina/loader/JdbcLeakPrevention'

Classes redefined (0 events):
No events

Internal exceptions (20 events):
Event: 10276.678 Thread 0x000001a930541800 Exception <a 'java/io/FileNotFoundException'{0x000000008692e358}> (0x000000008692e358) 
thrown [./open/src/hotspot/share/prims/jni.cpp, line 599]
Event: 10276.864 Thread 0x000001a930541800 Exception <a 'java/lang/ClassNotFoundException'{0x0000000088355490}: java/lang/ObjectCustomizer> (0x0000000088355490) 
thrown [./open/src/hotspot/share/classfile/systemDictionary.cpp, line 226]
Event: 10276.865 Thread 0x000001a930541800 Exception <a 'java/lang/ClassNotFoundException'{0x000000008836abd8}: com/nghiale/api/model/AbstractModelCustomizer> (0x000000008836abd8) 
thrown [./open/src/hotspot/share/classfile/systemDictionary.cpp, line 226]
Event: 10276.893 Thread 0x000001a930541800 Exception <a 'java/lang/NoClassDefFoundError'{0x000000008774ced8}: javax/validation/ValidationException> (0x000000008774ced8) 
thrown [./open/src/hotspot/share/oops/constantPool.cpp, line 783]
Event: 10276.893 Thread 0x000001a930541800 Exception <a 'java/lang/NoClassDefFoundError'{0x0000000087755c08}: liquibase/exception/ChangeLogParseException> (0x0000000087755c08) 
thrown [./open/src/hotspot/share/oops/constantPool.cpp, line 783]
Event: 10276.953 Thread 0x000001a930543800 Exception <a 'java/lang/InterruptedException'{0x000000008747d958}: sleep interrupted> (0x000000008747d958) 
thrown [./open/src/hotspot/share/prims/jvm.cpp, line 3074]
Event: 10276.954 Thread 0x000001a9304ad800 Exception <a 'java/lang/InterruptedException'{0x00000000874bc1b8}: sleep interrupted> (0x00000000874bc1b8) 
thrown [./open/src/hotspot/share/prims/jvm.cpp, line 3074]
Event: 10276.956 Thread 0x000001a92d3f0800 Exception <a 'java/net/SocketException'{0x000000008732d248}: Connection reset by peer: shutdown> (0x000000008732d248) 
thrown [./open/src/hotspot/share/prims/jni.cpp, line 620]
Event: 10277.026 Thread 0x000001a930541800 Exception <a 'java/lang/reflect/InvocationTargetException'{0x000000008779a330}> (0x000000008779a330) 
thrown [./open/src/hotspot/share/runtime/reflection.cpp, line 1188]
Event: 10357.240 Thread 0x000001a92d3f3000 Exception <a 'java/io/FileNotFoundException'{0x00000000878253d8}> (0x00000000878253d8) 
thrown [./open/src/hotspot/share/prims/jni.cpp, line 599]
Event: 10357.475 Thread 0x000001a92d3f3000 Exception <a 'java/io/FileNotFoundException'{0x0000000086056058}> (0x0000000086056058) 
thrown [./open/src/hotspot/share/prims/jni.cpp, line 599]
Event: 10357.492 Thread 0x000001a92d3f3000 Exception <a 'java/io/FileNotFoundException'{0x0000000085ff0dc8}> (0x0000000085ff0dc8) 
thrown [./open/src/hotspot/share/prims/jni.cpp, line 599]
Event: 10357.727 Thread 0x000001a92d3f3000 Exception <a 'java/lang/ClassNotFoundException'{0x000000008807ab30}: java/lang/ObjectCustomizer> (0x000000008807ab30) 
thrown [./open/src/hotspot/share/classfile/systemDictionary.cpp, line 226]
Event: 10357.727 Thread 0x000001a92d3f3000 Exception <a 'java/lang/ClassNotFoundException'{0x0000000088090278}: com/nghiale/api/model/AbstractModelCustomizer> (0x0000000088090278) 
thrown [./open/src/hotspot/share/classfile/systemDictionary.cpp, line 226]
Event: 10357.740 Thread 0x000001a92d3f3000 Exception <a 'java/lang/NoClassDefFoundError'{0x0000000087fdb738}: javax/validation/ValidationException> (0x0000000087fdb738) 
thrown [./open/src/hotspot/share/oops/constantPool.cpp, line 783]
Event: 10357.740 Thread 0x000001a92d3f3000 Exception <a 'java/lang/NoClassDefFoundError'{0x0000000087fe4468}: liquibase/exception/ChangeLogParseException> (0x0000000087fe4468) 
thrown [./open/src/hotspot/share/oops/constantPool.cpp, line 783]
Event: 10357.806 Thread 0x000001a9304ad800 Exception <a 'java/lang/InterruptedException'{0x0000000087b7d2b0}: sleep interrupted> (0x0000000087b7d2b0) 
thrown [./open/src/hotspot/share/prims/jvm.cpp, line 3074]
Event: 10357.807 Thread 0x000001a9304b3800 Exception <a 'java/lang/InterruptedException'{0x0000000087b8cbe8}: sleep interrupted> (0x0000000087b8cbe8) 
thrown [./open/src/hotspot/share/prims/jvm.cpp, line 3074]
Event: 10357.892 Thread 0x000001a930546000 Exception <a 'java/net/SocketException'{0x0000000087ba3e60}: Connection reset by peer: shutdown> (0x0000000087ba3e60) 
thrown [./open/src/hotspot/share/prims/jni.cpp, line 620]
Event: 10357.892 Thread 0x000001a92d3f3000 Exception <a 'java/lang/reflect/InvocationTargetException'{0x0000000087e3f028}> (0x0000000087e3f028) 
thrown [./open/src/hotspot/share/runtime/reflection.cpp, line 1188]

Events (20 events):
Event: 10357.809 Executing VM operation: HandshakeOneThread done
Event: 10357.811 Thread 0x000001a92d3f0800 Thread exited: 0x000001a92d3f0800
Event: 10357.811 Thread 0x000001a92d3f6000 Thread exited: 0x000001a92d3f6000
Event: 10357.891 Executing VM operation: HandshakeOneThread
Event: 10357.891 Executing VM operation: HandshakeOneThread done
Event: 10357.891 Thread 0x000001a93053f000 Thread exited: 0x000001a93053f000
Event: 10357.891 Executing VM operation: HandshakeOneThread
Event: 10357.891 Executing VM operation: HandshakeOneThread done
Event: 10357.891 Thread 0x000001a9304a9000 Thread exited: 0x000001a9304a9000
Event: 10357.892 Executing VM operation: HandshakeOneThread
Event: 10357.892 Executing VM operation: HandshakeOneThread done
Event: 10357.892 Thread 0x000001a930546000 Thread exited: 0x000001a930546000
Event: 10357.892 Thread 0x000001a92d3f3000 Thread exited: 0x000001a92d3f3000
Event: 10357.893 Thread 0x000001a93053f000 Thread added: 0x000001a93053f000
Event: 10358.728 Executing VM operation: HandshakeOneThread
Event: 10358.728 Executing VM operation: HandshakeOneThread done
Event: 10358.728 Executing VM operation: HandshakeOneThread
Event: 10358.728 Executing VM operation: HandshakeOneThread done
Event: 10358.728 Thread 0x000001a930544000 Thread exited: 0x000001a930544000
Event: 10366.392 Thread 0x000001a930544000 Thread added: 0x000001a930544000


Dynamic libraries:
0x00007ff698800000 - 0x00007ff69880d000 	C:\IDE\plugins\org.eclipse.justj.openjdk.hotspot.jre.full.win32.x86_64_14.0.2.v20200815-0932\jre\bin\javaw.exe
0x00007ffa2cb00000 - 0x00007ffa2ccf0000 	C:\WINDOWS\SYSTEM32\ntdll.dll
0x00007ffa2c300000 - 0x00007ffa2c3b2000 	C:\WINDOWS\System32\KERNEL32.DLL
0x00007ffa29da0000 - 0x00007ffa2a045000 	C:\WINDOWS\System32\KERNELBASE.dll
0x00007ffa29b60000 - 0x00007ffa29c5a000 	C:\WINDOWS\System32\ucrtbase.dll
0x00007ffa260b0000 - 0x00007ffa260c8000 	C:\IDE\plugins\org.eclipse.justj.openjdk.hotspot.jre.full.win32.x86_64_14.0.2.v20200815-0932\jre\bin\jli.dll
0x00007ffa2c530000 - 0x00007ffa2c6c4000 	C:\WINDOWS\System32\USER32.dll
0x00007ffa29d70000 - 0x00007ffa29d91000 	C:\WINDOWS\System32\win32u.dll
0x00007ffa2c960000 - 0x00007ffa2c986000 	C:\WINDOWS\System32\GDI32.dll
0x00007ffa2a8c0000 - 0x00007ffa2aa56000 	C:\WINDOWS\System32\gdi32full.dll
0x00007ffa29cd0000 - 0x00007ffa29d6e000 	C:\WINDOWS\System32\msvcp_win.dll
0x00007ffa1dc50000 - 0x00007ffa1dc65000 	C:\IDE\plugins\org.eclipse.justj.openjdk.hotspot.jre.full.win32.x86_64_14.0.2.v20200815-0932\jre\bin\VCRUNTIME140.dll
0x00007ffa19840000 - 0x00007ffa19ac4000 	C:\WINDOWS\WinSxS\amd64_microsoft.windows.common-controls_6595b64144ccf1df_6.0.18362.1198_none_9e820b57e45ad92f\COMCTL32.dll
0x00007ffa2c6d0000 - 0x00007ffa2c76e000 	C:\WINDOWS\System32\msvcrt.dll
0x00007ffa2b670000 - 0x00007ffa2b9a5000 	C:\WINDOWS\System32\combase.dll
0x00007ffa2c140000 - 0x00007ffa2c260000 	C:\WINDOWS\System32\RPCRT4.dll
0x00007ffa29ae0000 - 0x00007ffa29b60000 	C:\WINDOWS\System32\bcryptPrimitives.dll
0x00007ffa2c500000 - 0x00007ffa2c52e000 	C:\WINDOWS\System32\IMM32.DLL
0x00007ff9db260000 - 0x00007ff9db2fb000 	C:\IDE\plugins\org.eclipse.justj.openjdk.hotspot.jre.full.win32.x86_64_14.0.2.v20200815-0932\jre\bin\msvcp140.dll
0x00007ff9ee2e0000 - 0x00007ff9eedfe000 	C:\IDE\plugins\org.eclipse.justj.openjdk.hotspot.jre.full.win32.x86_64_14.0.2.v20200815-0932\jre\bin\server\jvm.dll
0x00007ffa2abb0000 - 0x00007ffa2ac53000 	C:\WINDOWS\System32\ADVAPI32.dll
0x00007ffa2c260000 - 0x00007ffa2c2f7000 	C:\WINDOWS\System32\sechost.dll
0x00007ffa2b4b0000 - 0x00007ffa2b4b8000 	C:\WINDOWS\System32\PSAPI.DLL
0x00007ffa1da10000 - 0x00007ffa1da19000 	C:\WINDOWS\SYSTEM32\WSOCK32.dll
0x00007ffa2c490000 - 0x00007ffa2c4ff000 	C:\WINDOWS\System32\WS2_32.dll
0x00007ffa1fda0000 - 0x00007ffa1fdc4000 	C:\WINDOWS\SYSTEM32\WINMM.dll
0x00007ffa23de0000 - 0x00007ffa23dea000 	C:\WINDOWS\SYSTEM32\VERSION.dll
0x00007ffa1fd70000 - 0x00007ffa1fd9d000 	C:\WINDOWS\SYSTEM32\WINMMBASE.dll
0x00007ffa29c80000 - 0x00007ffa29cca000 	C:\WINDOWS\System32\cfgmgr32.dll
0x00007ffa299e0000 - 0x00007ffa299f1000 	C:\WINDOWS\System32\kernel.appcore.dll
0x00007ffa260e0000 - 0x00007ffa260ea000 	C:\IDE\plugins\org.eclipse.justj.openjdk.hotspot.jre.full.win32.x86_64_14.0.2.v20200815-0932\jre\bin\jimage.dll
0x00007ffa23150000 - 0x00007ffa23344000 	C:\WINDOWS\SYSTEM32\DBGHELP.DLL
0x00007ffa1c340000 - 0x00007ffa1c36a000 	C:\WINDOWS\SYSTEM32\dbgcore.DLL
0x00007ffa26080000 - 0x00007ffa260a5000 	C:\IDE\plugins\org.eclipse.justj.openjdk.hotspot.jre.full.win32.x86_64_14.0.2.v20200815-0932\jre\bin\java.dll
0x00007ffa26060000 - 0x00007ffa26076000 	C:\IDE\plugins\org.eclipse.justj.openjdk.hotspot.jre.full.win32.x86_64_14.0.2.v20200815-0932\jre\bin\zip.dll
0x00007ffa2b9c0000 - 0x00007ffa2c0a7000 	C:\WINDOWS\System32\SHELL32.dll
0x00007ffa2b190000 - 0x00007ffa2b239000 	C:\WINDOWS\System32\shcore.dll
0x00007ffa2a050000 - 0x00007ffa2a7d1000 	C:\WINDOWS\System32\windows.storage.dll
0x00007ffa29a00000 - 0x00007ffa29a23000 	C:\WINDOWS\System32\profapi.dll
0x00007ffa29a30000 - 0x00007ffa29a7a000 	C:\WINDOWS\System32\powrprof.dll
0x00007ffa299b0000 - 0x00007ffa299c0000 	C:\WINDOWS\System32\UMPDC.dll
0x00007ffa2ac60000 - 0x00007ffa2acb2000 	C:\WINDOWS\System32\shlwapi.dll
0x00007ffa29c60000 - 0x00007ffa29c77000 	C:\WINDOWS\System32\cryptsp.dll
0x00007ffa25c50000 - 0x00007ffa25c69000 	C:\IDE\plugins\org.eclipse.justj.openjdk.hotspot.jre.full.win32.x86_64_14.0.2.v20200815-0932\jre\bin\net.dll
0x00007ffa23fd0000 - 0x00007ffa240c0000 	C:\WINDOWS\SYSTEM32\WINHTTP.dll
0x00007ffa29200000 - 0x00007ffa29267000 	C:\WINDOWS\system32\mswsock.dll
0x00007ffa25c30000 - 0x00007ffa25c42000 	C:\IDE\plugins\org.eclipse.justj.openjdk.hotspot.jre.full.win32.x86_64_14.0.2.v20200815-0932\jre\bin\nio.dll
0x00007ffa1dc40000 - 0x00007ffa1dc49000 	C:\IDE\plugins\org.eclipse.justj.openjdk.hotspot.jre.full.win32.x86_64_14.0.2.v20200815-0932\jre\bin\management.dll
0x00007ffa1dc70000 - 0x00007ffa1dc7b000 	C:\IDE\plugins\org.eclipse.justj.openjdk.hotspot.jre.full.win32.x86_64_14.0.2.v20200815-0932\jre\bin\management_ext.dll
0x00007ffa0b0d0000 - 0x00007ffa0b0e6000 	C:\WINDOWS\system32\napinsp.dll
0x00007ffa0b0b0000 - 0x00007ffa0b0ca000 	C:\WINDOWS\system32\pnrpnsp.dll
0x00007ffa0aed0000 - 0x00007ffa0aee5000 	C:\WINDOWS\system32\wshbth.dll
0x00007ffa263d0000 - 0x00007ffa263ec000 	C:\WINDOWS\system32\NLAapi.dll
0x00007ffa28f10000 - 0x00007ffa28f4a000 	C:\WINDOWS\SYSTEM32\IPHLPAPI.DLL
0x00007ffa28f50000 - 0x00007ffa2901b000 	C:\WINDOWS\SYSTEM32\DNSAPI.dll
0x00007ffa2c7f0000 - 0x00007ffa2c7f8000 	C:\WINDOWS\System32\NSI.dll
0x00007ffa0f910000 - 0x00007ffa0f91e000 	C:\WINDOWS\System32\winrnr.dll
0x00007ffa1fba0000 - 0x00007ffa1fbaa000 	C:\Windows\System32\rasadhlp.dll
0x00007ffa20c00000 - 0x00007ffa20c77000 	C:\WINDOWS\System32\fwpuclnt.dll
0x00007ffa2a890000 - 0x00007ffa2a8b6000 	C:\WINDOWS\System32\bcrypt.dll
0x00007ffa28d70000 - 0x00007ffa28da3000 	C:\WINDOWS\system32\rsaenh.dll
0x00007ffa29890000 - 0x00007ffa298b5000 	C:\WINDOWS\SYSTEM32\USERENV.dll
0x00007ffa293d0000 - 0x00007ffa293dc000 	C:\WINDOWS\SYSTEM32\CRYPTBASE.dll
0x00007ffa21470000 - 0x00007ffa21486000 	C:\WINDOWS\SYSTEM32\dhcpcsvc6.DLL
0x00007ffa213e0000 - 0x00007ffa213fc000 	C:\WINDOWS\SYSTEM32\dhcpcsvc.DLL
0x00007ffa05eb0000 - 0x00007ffa05ebe000 	C:\IDE\plugins\org.eclipse.justj.openjdk.hotspot.jre.full.win32.x86_64_14.0.2.v20200815-0932\jre\bin\sunmscapi.dll
0x00007ffa2aa60000 - 0x00007ffa2aba9000 	C:\WINDOWS\System32\CRYPT32.dll
0x00007ffa299c0000 - 0x00007ffa299d2000 	C:\WINDOWS\System32\MSASN1.dll
0x00007ffa294d0000 - 0x00007ffa294f6000 	C:\WINDOWS\SYSTEM32\ncrypt.dll
0x00007ffa29490000 - 0x00007ffa294cb000 	C:\WINDOWS\SYSTEM32\NTASN1.dll
0x00007ffa05e80000 - 0x00007ffa05ea5000 	C:\IDE\plugins\org.eclipse.justj.openjdk.hotspot.jre.full.win32.x86_64_14.0.2.v20200815-0932\jre\bin\sunec.dll

dbghelp: loaded successfully - version: 4.0.5 - missing functions: none
symbol engine: initialized successfully - sym options: 0x614 - pdb path: .;C:\IDE\plugins\org.eclipse.justj.openjdk.hotspot.jre.full.win32.x86_64_14.0.2.v20200815-0932\jre\bin;C:\WINDOWS\SYSTEM32;C:\WINDOWS\WinSxS\amd64_microsoft.windows.common-controls_6595b64144ccf1df_6.0.18362.1198_none_9e820b57e45ad92f;C:\IDE\plugins\org.eclipse.justj.openjdk.hotspot.jre.full.win32.x86_64_14.0.2.v20200815-0932\jre\bin\server

VM Arguments:
jvm_args: -Dcom.sun.management.jmxremote -Dcom.sun.management.jmxremote.port=50646 -Dcom.sun.management.jmxremote.authenticate=false -Dcom.sun.management.jmxremote.ssl=false -Djava.rmi.server.hostname=localhost -Dspring.jmx.enabled=true -Dspring.application.admin.enabled=true -Xverify:none -XX:TieredStopAtLevel=1 -Dspring.boot.project.name=api -Dfile.encoding=UTF-8 -XX:+ShowCodeDetailsInExceptionMessages 
java_command: com.nghiale.api.ApiApplication --spring.output.ansi.enabled=always
java_class_path (initial): D:\workspace\api\target\classes;C:\Users\pyn_x\.m2\repository\org\springframework\boot\spring-boot-starter-data-jpa\2.4.0\spring-boot-starter-data-jpa-2.4.0.jar;C:\Users\pyn_x\.m2\repository\org\springframework\boot\spring-boot-starter-aop\2.4.0\spring-boot-starter-aop-2.4.0.jar;C:\Users\pyn_x\.m2\repository\org\aspectj\aspectjweaver\1.9.6\aspectjweaver-1.9.6.jar;C:\Users\pyn_x\.m2\repository\org\springframework\boot\spring-boot-starter-jdbc\2.4.0\spring-boot-starter-jdbc-2.4.0.jar;C:\Users\pyn_x\.m2\repository\com\zaxxer\HikariCP\3.4.5\HikariCP-3.4.5.jar;C:\Users\pyn_x\.m2\repository\org\springframework\spring-jdbc\5.3.1\spring-jdbc-5.3.1.jar;C:\Users\pyn_x\.m2\repository\jakarta\transaction\jakarta.transaction-api\1.3.3\jakarta.transaction-api-1.3.3.jar;C:\Users\pyn_x\.m2\repository\jakarta\persistence\jakarta.persistence-api\2.2.3\jakarta.persistence-api-2.2.3.jar;C:\Users\pyn_x\.m2\repository\org\hibernate\hibernate-core\5.4.23.Final\hibernate-core-5.4.23.Final.jar;C:\Users\pyn_x\.m2\repository\org\jboss\logging\jboss-logging\3.4.1.Final\jboss-logging-3.4.1.Final.jar;C:\Users\pyn_x\.m2\repository\org\javassist\javassist\3.24.0-GA\javassist-3.24.0-GA.jar;C:\Users\pyn_x\.m2\repository\net\bytebuddy\byte-buddy\1.10.18\byte-buddy-1.10.18.jar;C:\Users\pyn_x\.m2\repository\antlr\antlr\2.7.7\antlr-2.7.7.jar;C:\Users\pyn_x\.m2\repository\org\jboss\jandex\2.1.3.Final\jandex-2.1.3.Final.jar;C:\Users\pyn_x\.m2\repository\com\fasterxml\classmate\1.5.1\classmate-1.5.1.jar;C:\Users\pyn_x\.m2\repository\org\dom4j\dom4j\2.1.3\dom4j-2.1.3.jar;C:\Users\pyn_x\.m2\repository\org\hibernate\common\hibernate-commons-annotations\5.1.2.Final\hibernate-commons-annotations-5.1.2.Final.jar;C:\Users\pyn_x\.m2\repository\org\glassfish\jaxb\jaxb-runtime\2.3.3\jaxb-runtime-2.3.3.jar;C:\Users\pyn_x\.m2\repository\org\glassfish\jaxb\txw2\2.3.3\txw2-2.3.3.jar;C:\Users\pyn_x\.m2\repository\com\sun\istack\istack-commons-runtime\3.0.11\istack-commons-runtime-3.0.11.jar;C
Launcher Type: SUN_STANDARD

[Global flags]
     intx CICompilerCount                          = 3                                         {product} {ergonomic}
     uint ConcGCThreads                            = 1                                         {product} {ergonomic}
     uint G1ConcRefinementThreads                  = 4                                         {product} {ergonomic}
   size_t G1HeapRegionSize                         = 1048576                                   {product} {ergonomic}
    uintx GCDrainStackTargetSize                   = 64                                        {product} {ergonomic}
   size_t InitialHeapSize                          = 134217728                                 {product} {ergonomic}
     bool ManagementServer                         = true                                      {product} {command line}
   size_t MarkStackSize                            = 4194304                                   {product} {ergonomic}
   size_t MaxHeapSize                              = 2118123520                                {product} {ergonomic}
   size_t MaxNewSize                               = 1270874112                                {product} {ergonomic}
   size_t MinHeapDeltaBytes                        = 1048576                                   {product} {ergonomic}
   size_t MinHeapSize                              = 8388608                                   {product} {ergonomic}
    uintx NonNMethodCodeHeapSize                   = 6973028                                {pd product} {ergonomic}
    uintx NonProfiledCodeHeapSize                  = 244685212                              {pd product} {ergonomic}
    uintx ProfiledCodeHeapSize                     = 0                                      {pd product} {ergonomic}
    uintx ReservedCodeCacheSize                    = 251658240                              {pd product} {ergonomic}
     bool SegmentedCodeCache                       = true                                      {product} {ergonomic}
     bool ShowCodeDetailsInExceptionMessages       = true                                   {manageable} {command line}
   size_t SoftMaxHeapSize                          = 2118123520                             {manageable} {ergonomic}
     intx TieredStopAtLevel                        = 1                                         {product} {command line}
     bool UseCompressedClassPointers               = true                                 {lp64_product} {ergonomic}
     bool UseCompressedOops                        = true                                 {lp64_product} {ergonomic}
     bool UseG1GC                                  = true                                      {product} {ergonomic}
     bool UseLargePagesIndividualAllocation        = false                                  {pd product} {ergonomic}

Logging:
Log output configuration:
 #0: stdout all=warning uptime,level,tags
 #1: stderr all=off uptime,level,tags

Environment Variables:
PATH=C:/IDE//plugins/org.eclipse.justj.openjdk.hotspot.jre.full.win32.x86_64_14.0.2.v20200815-0932/jre/bin/server;C:/IDE//plugins/org.eclipse.justj.openjdk.hotspot.jre.full.win32.x86_64_14.0.2.v20200815-0932/jre/bin;C:\Program Files (x86)\Common Files\Oracle\Java\javapath;C:\WINDOWS\system32;C:\WINDOWS;C:\WINDOWS\System32\Wbem;C:\WINDOWS\System32\WindowsPowerShell\v1.0\;C:\WINDOWS\System32\OpenSSH\;C:\Program Files\NVIDIA Corporation\NVIDIA NvDLISR;C:\Program Files (x86)\NVIDIA Corporation\PhysX\Common;C:\Program Files\MySQL\MySQL Utilities 1.6\;C:\Program Files\nodejs\;C:\Users\pyn_x\AppData\Local\Microsoft\WindowsApps;C:\Users\pyn_x\AppData\Roaming\npm;C:\IDE;
USERNAME=pyn_x
OS=Windows_NT
PROCESSOR_IDENTIFIER=Intel64 Family 6 Model 142 Stepping 9, GenuineIntel



---------------  S Y S T E M  ---------------

OS: Windows 10 , 64 bit Build 18362 (10.0.18362.1110)
OS uptime: 0 days 3:18 hours

CPU:total 4 (initial active 4) (2 cores per cpu, 2 threads per core) family 6 model 142 stepping 9, cmov, cx8, fxsr, mmx, sse, sse2, sse3, ssse3, sse4.1, sse4.2, popcnt, avx, avx2, aes, clmul, erms, 3dnowpref, lzcnt, ht, tsc, tscinvbit, bmi1, bmi2, adx, fma

Memory: 4k page, system-wide physical 8078M (4219M free)
TotalPageFile size 9678M (AvailPageFile size 4462M)
current process WorkingSet (physical memory assigned to process): 294M, peak: 295M
current process commit charge ("private bytes"): 336M, peak: 337M

vm_info: OpenJDK 64-Bit Server VM (14.0.2+12-46) for windows-amd64 JRE (14.0.2+12-46), built on Jul  9 2020 00:31:16 by "mach5one" with MS VC++ 15.9 (VS2017)

END.
