#
# A fatal error has been detected by the Java Runtime Environment:
#
#  EXCEPTION_ACCESS_VIOLATION (0xc0000005) at pc=0x00007ffc51898728, pid=10104, tid=12480
#
# JRE version: OpenJDK Runtime Environment (14.0.2+12) (build 14.0.2+12-46)
# Java VM: OpenJDK 64-Bit Server VM (14.0.2+12-46, mixed mode, tiered, compressed oops, g1 gc, windows-amd64)
# Problematic frame:
# V  [jvm.dll+0x1b8728]
#
# No core dump will be written. Minidumps are not enabled by default on client versions of Windows
#
# If you would like to submit a bug report, please visit:
#   https://bugreport.java.com/bugreport/crash.jsp
#

---------------  S U M M A R Y ------------

Command Line: -Dcom.sun.management.jmxremote -Dcom.sun.management.jmxremote.port=49738 -Dcom.sun.management.jmxremote.authenticate=false -Dcom.sun.management.jmxremote.ssl=false -Djava.rmi.server.hostname=localhost -Dspring.jmx.enabled=true -Dspring.application.admin.enabled=true -Xverify:none -XX:TieredStopAtLevel=1 -Dspring.boot.project.name=api -Dfile.encoding=UTF-8 -XX:+ShowCodeDetailsInExceptionMessages com.nghiale.api.ApiApplication --spring.output.ansi.enabled=always

Host: Intel(R) Core(TM) i5-7200U CPU @ 2.50GHz, 4 cores, 7G,  Windows 10 , 64 bit Build 18362 (10.0.18362.1110)
Time: Mon Dec  7 10:25:44 2020 SE Asia Standard Time elapsed time: 724 seconds (0d 0h 12m 4s)

---------------  T H R E A D  ---------------

Current thread (0x000001944a05d800):  JavaThread "restartedMain" [_thread_in_vm, id=12480, stack(0x0000003637900000,0x0000003637a00000)]

Stack: [0x0000003637900000,0x0000003637a00000],  sp=0x00000036379fd090,  free space=1012k
Native frames: (J=compiled Java code, j=interpreted, Vv=VM code, C=native code)
V  [jvm.dll+0x1b8728]
V  [jvm.dll+0x1b9244]
V  [jvm.dll+0x1bc7b6]
V  [jvm.dll+0x1b0c2e]
V  [jvm.dll+0x4d3642]
V  [jvm.dll+0x6ccdd9]
V  [jvm.dll+0x3b49d0]
V  [jvm.dll+0x3b97bd]
C  [java.dll+0x1970]

Java frames: (J=compiled Java code, j=interpreted, Vv=VM code)
J 1136  java.lang.ClassLoader.defineClass1(Ljava/lang/ClassLoader;Ljava/lang/String;[BIILjava/security/ProtectionDomain;Ljava/lang/String;)Ljava/lang/Class; java.base@14.0.2 (0 bytes) @ 0x000001942fbf4ffb [0x000001942fbf4f40+0x00000000000000bb]
J 1318 c1 java.lang.ClassLoader.defineClass(Ljava/lang/String;[BIILjava/security/ProtectionDomain;)Ljava/lang/Class; java.base@14.0.2 (43 bytes) @ 0x000001942fc3c8dc [0x000001942fc3c7e0+0x00000000000000fc]
J 1328 c1 java.security.SecureClassLoader.defineClass(Ljava/lang/String;[BIILjava/security/CodeSource;)Ljava/lang/Class; java.base@14.0.2 (16 bytes) @ 0x000001942fc40ab4 [0x000001942fc40a40+0x0000000000000074]
j  java.net.URLClassLoader.defineClass(Ljava/lang/String;Ljdk/internal/loader/Resource;)Ljava/lang/Class;+220 java.base@14.0.2
J 2555 c1 java.net.URLClassLoader$1.run()Ljava/lang/Class; java.base@14.0.2 (63 bytes) @ 0x000001942fe2ec1c [0x000001942fe2ea40+0x00000000000001dc]
J 2105 c1 java.net.URLClassLoader.findClass(Ljava/lang/String;)Ljava/lang/Class; java.base@14.0.2 (47 bytes) @ 0x000001942fd68f54 [0x000001942fd68e20+0x0000000000000134]
J 2554 c1 org.springframework.boot.devtools.restart.classloader.RestartClassLoader.findClass(Ljava/lang/String;)Ljava/lang/Class; (69 bytes) @ 0x000001942fe2e034 [0x000001942fe2dd80+0x00000000000002b4]
J 2553 c1 org.springframework.boot.devtools.restart.classloader.RestartClassLoader.loadClass(Ljava/lang/String;Z)Ljava/lang/Class; (119 bytes) @ 0x000001942fe2cbf4 [0x000001942fe2c7e0+0x0000000000000414]
J 1072 c1 java.lang.ClassLoader.loadClass(Ljava/lang/String;)Ljava/lang/Class; java.base@14.0.2 (7 bytes) @ 0x000001942fbd9b64 [0x000001942fbd9b20+0x0000000000000044]
v  ~StubRoutines::call_stub
J 1094  java.lang.Class.forName0(Ljava/lang/String;ZLjava/lang/ClassLoader;Ljava/lang/Class;)Ljava/lang/Class; java.base@14.0.2 (0 bytes) @ 0x000001942fbe0e47 [0x000001942fbe0dc0+0x0000000000000087]
J 1160 c1 java.lang.Class.forName(Ljava/lang/String;ZLjava/lang/ClassLoader;)Ljava/lang/Class; java.base@14.0.2 (47 bytes) @ 0x000001942fc01c34 [0x000001942fc01b40+0x00000000000000f4]
j  org.springframework.boot.devtools.restart.RestartLauncher.run()V+9
v  ~StubRoutines::call_stub

siginfo: EXCEPTION_ACCESS_VIOLATION (0xc0000005), reading address 0x000001949767d83f


Register to memory mapping:

RIP=0x00007ffc51898728 jvm.dll
RAX=0xffffffffafe21f6b is an unknown value
RBX=0x000000005014e183 is an unknown value
RCX=0x000001949767d83f is an unknown value
RDX=0x0 is NULL
RSP=0x00000036379fd090 is pointing into the stack for thread: 0x000001944a05d800
RBP=0x0 is NULL
RSI=0x00000036379fd910 is pointing into the stack for thread: 0x000001944a05d800
RDI=0x000001944a05d800 is a thread
R8 =0x000001949767d841 is an unknown value
R9 =0x0 is NULL
R10=0x0 is NULL
R11=0x0 is NULL
R12=0x0 is NULL
R13=0x000001944bb6e070 is pointing into metadata
R14=0x0 is NULL
R15=0x00000036379fd580 is pointing into the stack for thread: 0x000001944a05d800


Registers:
RAX=0xffffffffafe21f6b, RBX=0x000000005014e183, RCX=0x000001949767d83f, RDX=0x0000000000000000
RSP=0x00000036379fd090, RBP=0x0000000000000000, RSI=0x00000036379fd910, RDI=0x000001944a05d800
R8 =0x000001949767d841, R9 =0x0000000000000000, R10=0x0000000000000000, R11=0x0000000000000000
R12=0x0000000000000000, R13=0x000001944bb6e070, R14=0x0000000000000000, R15=0x00000036379fd580
RIP=0x00007ffc51898728, EFLAGS=0x0000000000010246

Top of Stack: (sp=0x00000036379fd090)
0x00000036379fd090:   000000010012b840 00007ffc51dadcce
0x00000036379fd0a0:   000001942b7036f0 000001944a05d800
0x00000036379fd0b0:   000001942b7036f0 0000019449ffaa30
0x00000036379fd0c0:   0000019400000000 0000000000000000
0x00000036379fd0d0:   0000000000000000 0000000000000000
0x00000036379fd0e0:   0000000000000000 0000000000000000
0x00000036379fd0f0:   0000000000000000 00000036379fd910
0x00000036379fd100:   00000036379fd580 0000000000000000
0x00000036379fd110:   0000000000000007 000001944663a6e0
0x00000036379fd120:   000001944a05d800 000001944bb6e070
0x00000036379fd130:   00000036379fd240 00007ffc51899244
0x00000036379fd140:   0000000000000000 0000000000000000
0x00000036379fd150:   0000000000020004 000001944a05d800
0x00000036379fd160:   0000000000000007 00000036379fd1a0
0x00000036379fd170:   00000036379fd190 00000036379fd198
0x00000036379fd180:   00000036379fd1f0 000001944a05d800 

Instructions: (pc=0x00007ffc51898728)
0x00007ffc51898628:   01 4e 18 48 8b 44 24 58 eb 02 33 c0 4c 8b 7c 24
0x00007ffc51898638:   60 48 8b 6c 24 50 48 8b 5c 24 68 48 83 c4 20 41
0x00007ffc51898648:   5e 41 5d 41 5c 5f 5e c3 48 89 5c 24 10 44 88 4c
0x00007ffc51898658:   24 20 55 56 57 41 54 41 55 41 56 41 57 48 83 ec
0x00007ffc51898668:   70 48 8b bc 24 f8 00 00 00 45 33 db 4c 8b f9 4c
0x00007ffc51898678:   89 5c 24 38 41 0f b7 cb 44 89 5c 24 40 41 0f b7
0x00007ffc51898688:   c0 66 89 4c 24 32 48 8b f2 4c 89 5c 24 58 4d 8b
0x00007ffc51898698:   6f 48 32 d2 88 94 24 b0 00 00 00 45 0f b7 e3 44
0x00007ffc518986a8:   89 5c 24 44 45 8b f3 4c 89 5c 24 50 45 8b c3 44
0x00007ffc518986b8:   89 5c 24 4c 45 8b cb 4c 89 5c 24 60 45 8b d3 44
0x00007ffc518986c8:   89 5c 24 48 41 8b eb 88 4c 24 30 88 4c 24 31 66
0x00007ffc518986d8:   85 c0 0f 84 d4 05 00 00 41 b8 ff ff 00 00 66 66
0x00007ffc518986e8:   0f 1f 84 00 00 00 00 00 66 41 03 c0 66 89 84 24
0x00007ffc518986f8:   c0 00 00 00 48 8b 46 10 48 2b 46 18 48 83 f8 06
0x00007ffc51898708:   73 0b 48 8b d7 48 8b ce e8 cb 64 00 00 48 83 7f
0x00007ffc51898718:   08 00 0f 85 0a 06 00 00 48 8b 4e 18 4c 8d 41 02
0x00007ffc51898728:   0f b7 01 0f b6 e8 66 c1 e8 08 4c 89 46 18 41 8b
0x00007ffc51898738:   10 66 c1 e5 08 66 0b e8 8b c2 c1 e8 08 0f b6 d8
0x00007ffc51898748:   0f b6 c2 c1 e0 08 0b d8 8b c2 c1 e8 10 c1 e3 08
0x00007ffc51898758:   0f b6 c8 49 8d 40 04 0b d9 48 89 46 18 49 8b 47
0x00007ffc51898768:   48 c1 e3 08 c1 ea 18 0b da 44 0f b7 c5 44 3b 40
0x00007ffc51898778:   34 7d 0e 48 8b 40 08 42 0f b6 44 00 04 3c 01 74
0x00007ffc51898788:   02 32 c0 41 80 bf b0 01 00 00 00 74 16 84 c0 75
0x00007ffc51898798:   12 4c 8b cf 48 8d 15 c5 73 67 00 49 8b cf e8 45
0x00007ffc518987a8:   7d ff ff 48 83 7f 08 00 0f 85 74 05 00 00 80 bc
0x00007ffc518987b8:   24 c8 00 00 00 00 0f b7 c5 49 8b 4c c5 40 0f 84
0x00007ffc518987c8:   e7 01 00 00 48 3b 0d 7d dd 8c 00 0f 85 da 01 00
0x00007ffc518987d8:   00 33 c0 66 45 85 e4 74 1f 4c 8b c7 48 8d 15 b5
0x00007ffc518987e8:   73 67 00 49 8b cf e8 bd 7d ff ff 48 8b 47 08 48
0x00007ffc518987f8:   85 c0 0f 85 2a 05 00 00 41 80 bf b0 01 00 00 00
0x00007ffc51898808:   74 1e 83 fb 02 74 19 4c 8b cf 48 8d 15 c7 73 67
0x00007ffc51898818:   00 44 8b c3 49 8b cf e8 cc 7c ff ff 48 8b 47 08 


Stack slot to memory mapping:
stack at sp + 0 slots: 0x000000010012b840 is a pointer to class: 
org.springframework.boot.CommandLineRunner {0x000000010012b848}
stack at sp + 1 slots: 0x00007ffc51dadcce jvm.dll
stack at sp + 2 slots: 0x000001942b7036f0 points into unknown readable memory: 00 00 00 00 00 00 00 00
stack at sp + 3 slots: 0x000001944a05d800 is a thread
stack at sp + 4 slots: 0x000001942b7036f0 points into unknown readable memory: 00 00 00 00 00 00 00 00
stack at sp + 5 slots: 0x0000019449ffaa30 points into unknown readable memory: 98 91 2c 86 00 00 00 00
stack at sp + 6 slots: 0x0000019400000000 is an unknown value
stack at sp + 7 slots: 0x0 is NULL


---------------  P R O C E S S  ---------------

Threads class SMR info:
_java_thread_list=0x000001944a34a490, length=22, elements={
0x0000019445c25800, 0x0000019445c26800, 0x0000019445406800, 0x0000019445408800,
0x0000019445c50800, 0x0000019445c5a000, 0x0000019445c64000, 0x00000194453a2000,
0x0000019445e29000, 0x0000019446452000, 0x0000019446441800, 0x0000019446442000,
0x000001944748b800, 0x00000194474c8000, 0x00000194474cb800, 0x00000194474cd000,
0x0000019449b74800, 0x000001944a05a800, 0x000001944a05c800, 0x000001944a063800,
0x000001944a05f000, 0x000001944a05d800
}

Java Threads: ( => current thread )
  0x0000019445c25800 JavaThread "Reference Handler" daemon [_thread_blocked, id=14304, stack(0x0000003638200000,0x0000003638300000)]
  0x0000019445c26800 JavaThread "Finalizer" daemon [_thread_blocked, id=4256, stack(0x0000003638300000,0x0000003638400000)]
  0x0000019445406800 JavaThread "Signal Dispatcher" daemon [_thread_blocked, id=9904, stack(0x0000003638400000,0x0000003638500000)]
  0x0000019445408800 JavaThread "Attach Listener" daemon [_thread_blocked, id=4028, stack(0x0000003638500000,0x0000003638600000)]
  0x0000019445c50800 JavaThread "Service Thread" daemon [_thread_blocked, id=5540, stack(0x0000003638600000,0x0000003638700000)]
  0x0000019445c5a000 JavaThread "C1 CompilerThread0" daemon [_thread_blocked, id=10716, stack(0x0000003638700000,0x0000003638800000)]
  0x0000019445c64000 JavaThread "Sweeper thread" daemon [_thread_blocked, id=5772, stack(0x0000003638800000,0x0000003638900000)]
  0x00000194453a2000 JavaThread "Common-Cleaner" daemon [_thread_blocked, id=2340, stack(0x0000003638900000,0x0000003638a00000)]
  0x0000019445e29000 JavaThread "Notification Thread" daemon [_thread_blocked, id=7864, stack(0x0000003638a00000,0x0000003638b00000)]
  0x0000019446452000 JavaThread "RMI TCP Accept-0" daemon [_thread_in_native, id=12820, stack(0x0000003638b00000,0x0000003638c00000)]
  0x0000019446441800 JavaThread "RMI TCP Accept-49738" daemon [_thread_in_native, id=15756, stack(0x0000003638c00000,0x0000003638d00000)]
  0x0000019446442000 JavaThread "RMI TCP Accept-0" daemon [_thread_in_native, id=10044, stack(0x0000003638d00000,0x0000003638e00000)]
  0x000001944748b800 JavaThread "RMI Scheduler(0)" daemon [_thread_blocked, id=14960, stack(0x0000003639600000,0x0000003639700000)]
  0x00000194474c8000 JavaThread "JMX server connection timeout 23" daemon [_thread_blocked, id=12080, stack(0x0000003639800000,0x0000003639900000)]
  0x00000194474cb800 JavaThread "mysql-cj-abandoned-connection-cleanup" daemon [_thread_blocked, id=6580, stack(0x0000003639d00000,0x0000003639e00000)]
  0x00000194474cd000 JavaThread "Live Reload Server" daemon [_thread_in_native, id=13696, stack(0x000000363a200000,0x000000363a300000)]
  0x0000019449b74800 JavaThread "DestroyJavaVM" [_thread_blocked, id=10624, stack(0x0000003637b00000,0x0000003637c00000)]
  0x000001944a05a800 JavaThread "RMI TCP Connection(22)-127.0.0.1" daemon [_thread_in_native, id=5312, stack(0x000000363b600000,0x000000363b700000)]
  0x000001944a05c800 JavaThread "Thread-13" [_thread_blocked, id=15420, stack(0x000000363b100000,0x000000363b200000)]
  0x000001944a063800 JavaThread "File Watcher" daemon [_thread_blocked, id=2024, stack(0x0000003639b00000,0x0000003639c00000)]
  0x000001944a05f000 JavaThread "File Watcher" daemon [_thread_blocked, id=4332, stack(0x0000003637800000,0x0000003637900000)]
=>0x000001944a05d800 JavaThread "restartedMain" [_thread_in_vm, id=12480, stack(0x0000003637900000,0x0000003637a00000)]

Other Threads:
  0x0000019445c10800 VMThread "VM Thread" [stack: 0x0000003638100000,0x0000003638200000] [id=10824]
  0x0000019446477000 WatcherThread [stack: 0x0000003638e00000,0x0000003638f00000] [id=5912]
  0x000001942b74b800 GCTaskThread "GC Thread#0" [stack: 0x0000003637c00000,0x0000003637d00000] [id=11560]
  0x0000019446500800 GCTaskThread "GC Thread#1" [stack: 0x0000003638f00000,0x0000003639000000] [id=11572]
  0x000001944650b800 GCTaskThread "GC Thread#2" [stack: 0x0000003639000000,0x0000003639100000] [id=11696]
  0x000001944755a000 GCTaskThread "GC Thread#3" [stack: 0x0000003639a00000,0x0000003639b00000] [id=14672]
  0x000001942b75d800 ConcurrentGCThread "G1 Main Marker" [stack: 0x0000003637d00000,0x0000003637e00000] [id=15568]
  0x000001942b75e800 ConcurrentGCThread "G1 Conc#0" [stack: 0x0000003637e00000,0x0000003637f00000] [id=8708]
  0x000001942b7cb800 ConcurrentGCThread "G1 Refine#0" [stack: 0x0000003637f00000,0x0000003638000000] [id=15396]
  0x0000019445f65800 ConcurrentGCThread "G1 Refine#1" [stack: 0x0000003639100000,0x0000003639200000] [id=16196]
  0x0000019446585800 ConcurrentGCThread "G1 Refine#2" [stack: 0x0000003639200000,0x0000003639300000] [id=11592]
  0x000001942b7cc000 ConcurrentGCThread "G1 Young RemSet Sampling" [stack: 0x0000003638000000,0x0000003638100000] [id=15464]

Threads with active compile tasks:

VM state:not at safepoint (normal execution)

VM Mutex/Monitor currently owned by a thread: None

Heap address: 0x0000000081c00000, size: 2020 MB, Compressed Oops mode: 32-bit
Narrow klass base: 0x0000000000000000, Narrow klass shift: 3
Compressed class space size: 1073741824 Address: 0x0000000100000000

Heap:
 garbage-first heap   total 86016K, used 42555K [0x0000000081c00000, 0x0000000100000000)
  region size 1024K, 16 young (16384K), 2 survivors (2048K)
 Metaspace       used 61501K, capacity 63468K, committed 63664K, reserved 1103872K
  class space    used 8110K, capacity 8867K, committed 8960K, reserved 1048576K
Heap Regions: E=young(eden), S=young(survivor), O=old, HS=humongous(starts), HC=humongous(continues), CS=collection set, F=free, OA=open archive, CA=closed archive, TAMS=top-at-mark-start (previous, next)
|   0|0x0000000081c00000, 0x0000000081d00000, 0x0000000081d00000|100%|HS|  |TAMS 0x0000000081c00000, 0x0000000081c00000| Untracked 
|   1|0x0000000081d00000, 0x0000000081dfe7d8, 0x0000000081e00000| 99%| O|  |TAMS 0x0000000081d00000, 0x0000000081d00000| Untracked 
|   2|0x0000000081e00000, 0x0000000081eff1c8, 0x0000000081f00000| 99%| O|  |TAMS 0x0000000081e00000, 0x0000000081e00000| Untracked 
|   3|0x0000000081f00000, 0x0000000082000000, 0x0000000082000000|100%| O|  |TAMS 0x0000000081f00000, 0x0000000081f00000| Untracked 
|   4|0x0000000082000000, 0x00000000820fffd0, 0x0000000082100000| 99%| O|  |TAMS 0x0000000082000000, 0x0000000082000000| Untracked 
|   5|0x0000000082100000, 0x00000000821fde60, 0x0000000082200000| 99%| O|  |TAMS 0x0000000082100000, 0x0000000082100000| Untracked 
|   6|0x0000000082200000, 0x00000000822ff3c8, 0x0000000082300000| 99%| O|  |TAMS 0x0000000082200000, 0x0000000082200000| Untracked 
|   7|0x0000000082300000, 0x0000000082400000, 0x0000000082400000|100%| O|  |TAMS 0x0000000082300000, 0x0000000082300000| Untracked 
|   8|0x0000000082400000, 0x00000000824fffd8, 0x0000000082500000| 99%| O|  |TAMS 0x0000000082400000, 0x0000000082400000| Untracked 
|   9|0x0000000082500000, 0x00000000825fffe8, 0x0000000082600000| 99%| O|  |TAMS 0x0000000082500000, 0x0000000082500000| Untracked 
|  10|0x0000000082600000, 0x00000000826ffff0, 0x0000000082700000| 99%| O|  |TAMS 0x0000000082600000, 0x0000000082600000| Untracked 
|  11|0x0000000082700000, 0x00000000827fffa0, 0x0000000082800000| 99%| O|  |TAMS 0x0000000082700000, 0x0000000082700000| Untracked 
|  12|0x0000000082800000, 0x00000000828ffe90, 0x0000000082900000| 99%| O|  |TAMS 0x0000000082800000, 0x0000000082800000| Untracked 
|  13|0x0000000082900000, 0x00000000829fffe0, 0x0000000082a00000| 99%| O|  |TAMS 0x0000000082900000, 0x0000000082900000| Untracked 
|  14|0x0000000082a00000, 0x0000000082afffd0, 0x0000000082b00000| 99%| O|  |TAMS 0x0000000082a00000, 0x0000000082a00000| Untracked 
|  15|0x0000000082b00000, 0x0000000082bf1db0, 0x0000000082c00000| 94%| O|  |TAMS 0x0000000082b00000, 0x0000000082b00000| Untracked 
|  16|0x0000000082c00000, 0x0000000082cffff8, 0x0000000082d00000| 99%| O|  |TAMS 0x0000000082c00000, 0x0000000082c00000| Untracked 
|  17|0x0000000082d00000, 0x0000000082df2f20, 0x0000000082e00000| 94%| O|  |TAMS 0x0000000082d00000, 0x0000000082d00000| Untracked 
|  18|0x0000000082e00000, 0x0000000082ef88c0, 0x0000000082f00000| 97%| O|  |TAMS 0x0000000082e00000, 0x0000000082e00000| Untracked 
|  19|0x0000000082f00000, 0x0000000082fe8030, 0x0000000083000000| 90%| O|  |TAMS 0x0000000082f00000, 0x0000000082f00000| Untracked 
|  20|0x0000000083000000, 0x0000000083100000, 0x0000000083100000|100%| O|  |TAMS 0x0000000083000000, 0x0000000083000000| Untracked 
|  21|0x0000000083100000, 0x00000000831e4d90, 0x0000000083200000| 89%| O|  |TAMS 0x0000000083100000, 0x0000000083100000| Untracked 
|  22|0x0000000083200000, 0x00000000832e9f28, 0x0000000083300000| 91%| O|  |TAMS 0x0000000083200000, 0x0000000083200000| Untracked 
|  23|0x0000000083300000, 0x00000000833fffc8, 0x0000000083400000| 99%| O|  |TAMS 0x0000000083300000, 0x0000000083300000| Untracked 
|  24|0x0000000083400000, 0x00000000834e68a8, 0x0000000083500000| 90%| O|  |TAMS 0x0000000083400000, 0x0000000083400000| Untracked 
|  25|0x0000000083500000, 0x00000000835d0a78, 0x0000000083600000| 81%| O|  |TAMS 0x0000000083500000, 0x0000000083500000| Untracked 
|  26|0x0000000083600000, 0x0000000083643360, 0x0000000083700000| 26%| O|  |TAMS 0x0000000083600000, 0x0000000083600000| Untracked 
|  27|0x0000000083700000, 0x0000000083700000, 0x0000000083800000|  0%| F|  |TAMS 0x0000000083700000, 0x0000000083700000| Untracked 
|  28|0x0000000083800000, 0x0000000083800000, 0x0000000083900000|  0%| F|  |TAMS 0x0000000083800000, 0x0000000083800000| Untracked 
|  29|0x0000000083900000, 0x0000000083900000, 0x0000000083a00000|  0%| F|  |TAMS 0x0000000083900000, 0x0000000083900000| Untracked 
|  30|0x0000000083a00000, 0x0000000083af6db0, 0x0000000083b00000| 96%| O|  |TAMS 0x0000000083a00000, 0x0000000083a00000| Untracked 
|  31|0x0000000083b00000, 0x0000000083b4a660, 0x0000000083c00000| 29%| O|  |TAMS 0x0000000083b00000, 0x0000000083b00000| Untracked 
|  32|0x0000000083c00000, 0x0000000083c00000, 0x0000000083d00000|  0%| F|  |TAMS 0x0000000083c00000, 0x0000000083c00000| Untracked 
|  33|0x0000000083d00000, 0x0000000083d00000, 0x0000000083e00000|  0%| F|  |TAMS 0x0000000083d00000, 0x0000000083d00000| Untracked 
|  34|0x0000000083e00000, 0x0000000083e00000, 0x0000000083f00000|  0%| F|  |TAMS 0x0000000083e00000, 0x0000000083e00000| Untracked 
|  35|0x0000000083f00000, 0x0000000083f00000, 0x0000000084000000|  0%| F|  |TAMS 0x0000000083f00000, 0x0000000083f00000| Untracked 
|  36|0x0000000084000000, 0x0000000084000000, 0x0000000084100000|  0%| F|  |TAMS 0x0000000084000000, 0x0000000084000000| Untracked 
|  37|0x0000000084100000, 0x0000000084100000, 0x0000000084200000|  0%| F|  |TAMS 0x0000000084100000, 0x0000000084100000| Untracked 
|  38|0x0000000084200000, 0x0000000084200000, 0x0000000084300000|  0%| F|  |TAMS 0x0000000084200000, 0x0000000084200000| Untracked 
|  39|0x0000000084300000, 0x0000000084300000, 0x0000000084400000|  0%| F|  |TAMS 0x0000000084300000, 0x0000000084300000| Untracked 
|  40|0x0000000084400000, 0x00000000844c4840, 0x0000000084500000| 76%| S|CS|TAMS 0x0000000084400000, 0x0000000084400000| Complete 
|  41|0x0000000084500000, 0x0000000084600000, 0x0000000084600000|100%| S|CS|TAMS 0x0000000084500000, 0x0000000084500000| Complete 
|  42|0x0000000084600000, 0x0000000084600000, 0x0000000084700000|  0%| F|  |TAMS 0x0000000084600000, 0x0000000084600000| Untracked 
|  43|0x0000000084700000, 0x0000000084700000, 0x0000000084800000|  0%| F|  |TAMS 0x0000000084700000, 0x0000000084700000| Untracked 
|  44|0x0000000084800000, 0x0000000084800000, 0x0000000084900000|  0%| F|  |TAMS 0x0000000084800000, 0x0000000084800000| Untracked 
|  45|0x0000000084900000, 0x0000000084900000, 0x0000000084a00000|  0%| F|  |TAMS 0x0000000084900000, 0x0000000084900000| Untracked 
|  46|0x0000000084a00000, 0x0000000084a00000, 0x0000000084b00000|  0%| F|  |TAMS 0x0000000084a00000, 0x0000000084a00000| Untracked 
|  47|0x0000000084b00000, 0x0000000084b00000, 0x0000000084c00000|  0%| F|  |TAMS 0x0000000084b00000, 0x0000000084b00000| Untracked 
|  48|0x0000000084c00000, 0x0000000084c00000, 0x0000000084d00000|  0%| F|  |TAMS 0x0000000084c00000, 0x0000000084c00000| Untracked 
|  49|0x0000000084d00000, 0x0000000084d00000, 0x0000000084e00000|  0%| F|  |TAMS 0x0000000084d00000, 0x0000000084d00000| Untracked 
|  50|0x0000000084e00000, 0x0000000084e00000, 0x0000000084f00000|  0%| F|  |TAMS 0x0000000084e00000, 0x0000000084e00000| Untracked 
|  51|0x0000000084f00000, 0x0000000084f00000, 0x0000000085000000|  0%| F|  |TAMS 0x0000000084f00000, 0x0000000084f00000| Untracked 
|  52|0x0000000085000000, 0x0000000085000000, 0x0000000085100000|  0%| F|  |TAMS 0x0000000085000000, 0x0000000085000000| Untracked 
|  53|0x0000000085100000, 0x0000000085100000, 0x0000000085200000|  0%| F|  |TAMS 0x0000000085100000, 0x0000000085100000| Untracked 
|  54|0x0000000085200000, 0x0000000085200000, 0x0000000085300000|  0%| F|  |TAMS 0x0000000085200000, 0x0000000085200000| Untracked 
|  55|0x0000000085300000, 0x0000000085300000, 0x0000000085400000|  0%| F|  |TAMS 0x0000000085300000, 0x0000000085300000| Untracked 
|  56|0x0000000085400000, 0x0000000085400000, 0x0000000085500000|  0%| F|  |TAMS 0x0000000085400000, 0x0000000085400000| Untracked 
|  57|0x0000000085500000, 0x0000000085500000, 0x0000000085600000|  0%| F|  |TAMS 0x0000000085500000, 0x0000000085500000| Untracked 
|  58|0x0000000085600000, 0x0000000085600000, 0x0000000085700000|  0%| F|  |TAMS 0x0000000085600000, 0x0000000085600000| Untracked 
|  59|0x0000000085700000, 0x0000000085700000, 0x0000000085800000|  0%| F|  |TAMS 0x0000000085700000, 0x0000000085700000| Untracked 
|  60|0x0000000085800000, 0x0000000085800000, 0x0000000085900000|  0%| F|  |TAMS 0x0000000085800000, 0x0000000085800000| Untracked 
|  61|0x0000000085900000, 0x0000000085900000, 0x0000000085a00000|  0%| F|  |TAMS 0x0000000085900000, 0x0000000085900000| Untracked 
|  62|0x0000000085a00000, 0x0000000085a00000, 0x0000000085b00000|  0%| F|  |TAMS 0x0000000085a00000, 0x0000000085a00000| Untracked 
|  63|0x0000000085b00000, 0x0000000085b00000, 0x0000000085c00000|  0%| F|  |TAMS 0x0000000085b00000, 0x0000000085b00000| Untracked 
|  64|0x0000000085c00000, 0x0000000085c00000, 0x0000000085d00000|  0%| F|  |TAMS 0x0000000085c00000, 0x0000000085c00000| Untracked 
|  65|0x0000000085d00000, 0x0000000085d00000, 0x0000000085e00000|  0%| F|  |TAMS 0x0000000085d00000, 0x0000000085d00000| Untracked 
|  66|0x0000000085e00000, 0x0000000085e00000, 0x0000000085f00000|  0%| F|  |TAMS 0x0000000085e00000, 0x0000000085e00000| Untracked 
|  67|0x0000000085f00000, 0x0000000085f00000, 0x0000000086000000|  0%| F|  |TAMS 0x0000000085f00000, 0x0000000085f00000| Untracked 
|  68|0x0000000086000000, 0x0000000086000000, 0x0000000086100000|  0%| F|  |TAMS 0x0000000086000000, 0x0000000086000000| Untracked 
|  69|0x0000000086100000, 0x0000000086100000, 0x0000000086200000|  0%| F|  |TAMS 0x0000000086100000, 0x0000000086100000| Untracked 
|  70|0x0000000086200000, 0x00000000862e91c0, 0x0000000086300000| 91%| E|  |TAMS 0x0000000086200000, 0x0000000086200000| Complete 
|  71|0x0000000086300000, 0x0000000086400000, 0x0000000086400000|100%| E|CS|TAMS 0x0000000086300000, 0x0000000086300000| Complete 
|  72|0x0000000086400000, 0x0000000086500000, 0x0000000086500000|100%| E|CS|TAMS 0x0000000086400000, 0x0000000086400000| Complete 
|  73|0x0000000086500000, 0x0000000086600000, 0x0000000086600000|100%| E|CS|TAMS 0x0000000086500000, 0x0000000086500000| Complete 
|  74|0x0000000086600000, 0x0000000086700000, 0x0000000086700000|100%| E|CS|TAMS 0x0000000086600000, 0x0000000086600000| Complete 
|  75|0x0000000086700000, 0x0000000086800000, 0x0000000086800000|100%| E|CS|TAMS 0x0000000086700000, 0x0000000086700000| Complete 
|  76|0x0000000086800000, 0x0000000086900000, 0x0000000086900000|100%| E|CS|TAMS 0x0000000086800000, 0x0000000086800000| Complete 
|  77|0x0000000086900000, 0x0000000086a00000, 0x0000000086a00000|100%| E|CS|TAMS 0x0000000086900000, 0x0000000086900000| Complete 
|  78|0x0000000086a00000, 0x0000000086b00000, 0x0000000086b00000|100%| E|CS|TAMS 0x0000000086a00000, 0x0000000086a00000| Complete 
|  79|0x0000000086b00000, 0x0000000086c00000, 0x0000000086c00000|100%| E|CS|TAMS 0x0000000086b00000, 0x0000000086b00000| Complete 
|  80|0x0000000086c00000, 0x0000000086d00000, 0x0000000086d00000|100%| E|CS|TAMS 0x0000000086c00000, 0x0000000086c00000| Complete 
|  81|0x0000000086d00000, 0x0000000086e00000, 0x0000000086e00000|100%| E|CS|TAMS 0x0000000086d00000, 0x0000000086d00000| Complete 
|  82|0x0000000086e00000, 0x0000000086f00000, 0x0000000086f00000|100%| E|CS|TAMS 0x0000000086e00000, 0x0000000086e00000| Complete 
|  83|0x0000000086f00000, 0x0000000087000000, 0x0000000087000000|100%| E|CS|TAMS 0x0000000086f00000, 0x0000000086f00000| Complete 

Card table byte_map: [0x000001943e7c0000,0x000001943ebc0000] _byte_map_base: 0x000001943e3b2000

Marking Bits (Prev, Next): (CMBitMap*) 0x000001942b74c2f8, (CMBitMap*) 0x000001942b74c2b8
 Prev Bits: [0x0000019440f50000, 0x0000019442ee0000)
 Next Bits: [0x000001943efc0000, 0x0000019440f50000)

Polling page: 0x00000194295c0000

Metaspace:

Usage:
  Non-class:     53.32 MB capacity,    52.14 MB ( 98%) used,   997.26 KB (  2%) free+waste,   213.25 KB ( <1%) overhead. 
      Class:      8.66 MB capacity,     7.92 MB ( 91%) used,   652.63 KB (  7%) free+waste,   103.63 KB (  1%) overhead. 
       Both:     61.98 MB capacity,    60.06 MB ( 97%) used,     1.61 MB (  3%) free+waste,   316.88 KB ( <1%) overhead. 

Virtual space:
  Non-class space:       54.00 MB reserved,      53.42 MB ( 99%) committed 
      Class space:        1.00 GB reserved,       8.75 MB ( <1%) committed 
             Both:        1.05 GB reserved,      62.17 MB (  6%) committed 

Chunk freelists:
   Non-Class:  39.00 KB
       Class:  1.00 KB
        Both:  40.00 KB

MaxMetaspaceSize: 17179869184.00 GB
CompressedClassSpaceSize: 1.00 GB

CodeHeap 'non-profiled nmethods': size=238912Kb used=13044Kb max_used=13044Kb free=225867Kb
 bounds [0x000001942fa70000, 0x0000019430730000, 0x000001943e3c0000]
CodeHeap 'non-nmethods': size=6848Kb used=1324Kb max_used=1324Kb free=5524Kb
 bounds [0x000001942f3c0000, 0x000001942f630000, 0x000001942fa70000]
 total_blobs=8760 nmethods=8141 adapters=545
 compilation: enabled
              stopped_count=0, restarted_count=0
 full_count=0

Compilation events (20 events):
Event: 184.576 Thread 0x0000019445c5a000 8131       1       org.springframework.boot.devtools.filewatch.DirectorySnapshot$$Lambda$838/0x00000001005cd440::<init> (10 bytes)
Event: 184.576 Thread 0x0000019445c5a000 nmethod 8131 0x000001943072a310 code [0x000001943072a4a0, 0x000001943072a598]
Event: 185.133 Thread 0x0000019445c5a000 8132       1       org.springframework.boot.devtools.filewatch.FileSystemWatcher$Watcher::getCurrentSnapshots (63 bytes)
Event: 185.134 Thread 0x0000019445c5a000 nmethod 8132 0x000001943072a610 code [0x000001943072a820, 0x000001943072abd8]
Event: 186.552 Thread 0x0000019445c5a000 8133       1       org.springframework.boot.devtools.filewatch.FileSystemWatcher$Watcher::scan (63 bytes)
Event: 186.552 Thread 0x0000019445c5a000 nmethod 8133 0x000001943072ae90 code [0x000001943072b080, 0x000001943072b288]
Event: 235.982 Thread 0x0000019445c5a000 8134       1       java.util.LinkedHashMap$LinkedKeySet::contains (9 bytes)
Event: 235.983 Thread 0x0000019445c5a000 nmethod 8134 0x000001943072b410 code [0x000001943072b5a0, 0x000001943072b688]
Event: 301.011 Thread 0x0000019445c5a000 8135       1       jdk.internal.misc.Unsafe::putIntOpaque (9 bytes)
Event: 301.011 Thread 0x0000019445c5a000 nmethod 8135 0x000001943072b710 code [0x000001943072b8a0, 0x000001943072b958]
Event: 301.025 Thread 0x0000019445c5a000 8136       1       java.util.concurrent.locks.AbstractQueuedSynchronizer$Node::clearStatus (12 bytes)
Event: 301.025 Thread 0x0000019445c5a000 nmethod 8136 0x000001943072ba10 code [0x000001943072bba0, 0x000001943072bc78]
Event: 301.050 Thread 0x0000019445c5a000 8137       1       sun.nio.ch.IOStatus::okayToRetry (22 bytes)
Event: 301.050 Thread 0x0000019445c5a000 nmethod 8137 0x000001943072bd10 code [0x000001943072bea0, 0x000001943072bf78]
Event: 316.827 Thread 0x0000019445c5a000 8138       1       java.util.concurrent.ScheduledThreadPoolExecutor$ScheduledFutureTask::getDelay (16 bytes)
Event: 316.827 Thread 0x0000019445c5a000 nmethod 8138 0x000001943072c010 code [0x000001943072c1a0, 0x000001943072c2a8]
Event: 316.827 Thread 0x0000019445c5a000 8139       1       java.util.concurrent.TimeUnit::convert (77 bytes)
Event: 316.827 Thread 0x0000019445c5a000 nmethod 8139 0x000001943072c390 code [0x000001943072c580, 0x000001943072c788]
Event: 541.075 Thread 0x0000019445c5a000 8140   !   1       java.io.ObjectOutputStream::writeObject (38 bytes)
Event: 541.075 Thread 0x0000019445c5a000 nmethod 8140 0x000001943072c910 code [0x000001943072cac0, 0x000001943072cc18]

GC Heap History (20 events):
Event: 26.728 GC heap before
{Heap before GC invocations=27 (full 2):
 garbage-first heap   total 86016K, used 67606K [0x0000000081c00000, 0x0000000100000000)
  region size 1024K, 41 young (41984K), 3 survivors (3072K)
 Metaspace       used 60632K, capacity 62480K, committed 62640K, reserved 1103872K
  class space    used 7980K, capacity 8640K, committed 8704K, reserved 1048576K
}
Event: 26.730 GC heap after
{Heap after GC invocations=28 (full 2):
 garbage-first heap   total 86016K, used 29721K [0x0000000081c00000, 0x0000000100000000)
  region size 1024K, 3 young (3072K), 3 survivors (3072K)
 Metaspace       used 60632K, capacity 62480K, committed 62640K, reserved 1103872K
  class space    used 7980K, capacity 8640K, committed 8704K, reserved 1048576K
}
Event: 27.017 GC heap before
{Heap before GC invocations=28 (full 2):
 garbage-first heap   total 86016K, used 69657K [0x0000000081c00000, 0x0000000100000000)
  region size 1024K, 42 young (43008K), 3 survivors (3072K)
 Metaspace       used 60904K, capacity 62764K, committed 62896K, reserved 1103872K
  class space    used 8012K, capacity 8687K, committed 8704K, reserved 1048576K
}
Event: 27.022 GC heap after
{Heap after GC invocations=29 (full 2):
 garbage-first heap   total 86016K, used 31829K [0x0000000081c00000, 0x0000000100000000)
  region size 1024K, 5 young (5120K), 5 survivors (5120K)
 Metaspace       used 60904K, capacity 62764K, committed 62896K, reserved 1103872K
  class space    used 8012K, capacity 8687K, committed 8704K, reserved 1048576K
}
Event: 27.584 GC heap before
{Heap before GC invocations=29 (full 2):
 garbage-first heap   total 86016K, used 67669K [0x0000000081c00000, 0x0000000100000000)
  region size 1024K, 41 young (41984K), 5 survivors (5120K)
 Metaspace       used 60948K, capacity 62770K, committed 62896K, reserved 1103872K
  class space    used 8015K, capacity 8688K, committed 8704K, reserved 1048576K
}
Event: 27.589 GC heap after
{Heap after GC invocations=30 (full 2):
 garbage-first heap   total 86016K, used 34099K [0x0000000081c00000, 0x0000000100000000)
  region size 1024K, 6 young (6144K), 6 survivors (6144K)
 Metaspace       used 60948K, capacity 62770K, committed 62896K, reserved 1103872K
  class space    used 8015K, capacity 8688K, committed 8704K, reserved 1048576K
}
Event: 58.684 GC heap before
{Heap before GC invocations=30 (full 2):
 garbage-first heap   total 86016K, used 39219K [0x0000000081c00000, 0x0000000100000000)
  region size 1024K, 13 young (13312K), 6 survivors (6144K)
 Metaspace       used 60951K, capacity 62776K, committed 62896K, reserved 1103872K
  class space    used 8015K, capacity 8690K, committed 8704K, reserved 1048576K
}
Event: 58.724 GC heap after
{Heap after GC invocations=31 (full 3):
 garbage-first heap   total 86016K, used 27433K [0x0000000081c00000, 0x0000000100000000)
  region size 1024K, 0 young (0K), 0 survivors (0K)
 Metaspace       used 60945K, capacity 62764K, committed 62896K, reserved 1103872K
  class space    used 8014K, capacity 8687K, committed 8704K, reserved 1048576K
}
Event: 58.971 GC heap before
{Heap before GC invocations=31 (full 3):
 garbage-first heap   total 86016K, used 66345K [0x0000000081c00000, 0x0000000100000000)
  region size 1024K, 39 young (39936K), 0 survivors (0K)
 Metaspace       used 60974K, capacity 62807K, committed 62896K, reserved 1103872K
  class space    used 8021K, capacity 8699K, committed 8704K, reserved 1048576K
}
Event: 58.974 GC heap after
{Heap after GC invocations=32 (full 3):
 garbage-first heap   total 86016K, used 29801K [0x0000000081c00000, 0x0000000100000000)
  region size 1024K, 3 young (3072K), 3 survivors (3072K)
 Metaspace       used 60974K, capacity 62807K, committed 62896K, reserved 1103872K
  class space    used 8021K, capacity 8699K, committed 8704K, reserved 1048576K
}
Event: 58.980 GC heap before
{Heap before GC invocations=32 (full 3):
 garbage-first heap   total 86016K, used 65641K [0x0000000081c00000, 0x0000000100000000)
  region size 1024K, 39 young (39936K), 3 survivors (3072K)
 Metaspace       used 60974K, capacity 62807K, committed 62896K, reserved 1103872K
  class space    used 8021K, capacity 8699K, committed 8704K, reserved 1048576K
}
Event: 58.982 GC heap after
{Heap after GC invocations=33 (full 3):
 garbage-first heap   total 86016K, used 29598K [0x0000000081c00000, 0x0000000100000000)
  region size 1024K, 3 young (3072K), 3 survivors (3072K)
 Metaspace       used 60974K, capacity 62807K, committed 62896K, reserved 1103872K
  class space    used 8021K, capacity 8699K, committed 8704K, reserved 1048576K
}
Event: 108.122 GC heap before
{Heap before GC invocations=33 (full 3):
 garbage-first heap   total 86016K, used 67486K [0x0000000081c00000, 0x0000000100000000)
  region size 1024K, 40 young (40960K), 3 survivors (3072K)
 Metaspace       used 61309K, capacity 63137K, committed 63280K, reserved 1103872K
  class space    used 8083K, capacity 8783K, committed 8832K, reserved 1048576K
}
Event: 108.124 GC heap after
{Heap after GC invocations=34 (full 3):
 garbage-first heap   total 86016K, used 29347K [0x0000000081c00000, 0x0000000100000000)
  region size 1024K, 2 young (2048K), 2 survivors (2048K)
 Metaspace       used 61309K, capacity 63137K, committed 63280K, reserved 1103872K
  class space    used 8083K, capacity 8783K, committed 8832K, reserved 1048576K
}
Event: 108.298 GC heap before
{Heap before GC invocations=34 (full 3):
 garbage-first heap   total 86016K, used 68259K [0x0000000081c00000, 0x0000000100000000)
  region size 1024K, 41 young (41984K), 2 survivors (2048K)
 Metaspace       used 61343K, capacity 63186K, committed 63280K, reserved 1103872K
  class space    used 8089K, capacity 8793K, committed 8832K, reserved 1048576K
}
Event: 108.302 GC heap after
{Heap after GC invocations=35 (full 3):
 garbage-first heap   total 86016K, used 30633K [0x0000000081c00000, 0x0000000100000000)
  region size 1024K, 4 young (4096K), 4 survivors (4096K)
 Metaspace       used 61343K, capacity 63186K, committed 63280K, reserved 1103872K
  class space    used 8089K, capacity 8793K, committed 8832K, reserved 1048576K
}
Event: 108.347 GC heap before
{Heap before GC invocations=35 (full 3):
 garbage-first heap   total 86016K, used 67497K [0x0000000081c00000, 0x0000000100000000)
  region size 1024K, 41 young (41984K), 4 survivors (4096K)
 Metaspace       used 61343K, capacity 63186K, committed 63280K, reserved 1103872K
  class space    used 8089K, capacity 8793K, committed 8832K, reserved 1048576K
}
Event: 108.351 GC heap after
{Heap after GC invocations=36 (full 3):
 garbage-first heap   total 86016K, used 30289K [0x0000000081c00000, 0x0000000100000000)
  region size 1024K, 3 young (3072K), 3 survivors (3072K)
 Metaspace       used 61343K, capacity 63186K, committed 63280K, reserved 1103872K
  class space    used 8089K, capacity 8793K, committed 8832K, reserved 1048576K
}
Event: 433.880 GC heap before
{Heap before GC invocations=36 (full 3):
 garbage-first heap   total 86016K, used 70225K [0x0000000081c00000, 0x0000000100000000)
  region size 1024K, 42 young (43008K), 3 survivors (3072K)
 Metaspace       used 61500K, capacity 63462K, committed 63664K, reserved 1103872K
  class space    used 8110K, capacity 8865K, committed 8960K, reserved 1048576K
}
Event: 433.883 GC heap after
{Heap after GC invocations=37 (full 3):
 garbage-first heap   total 86016K, used 29243K [0x0000000081c00000, 0x0000000100000000)
  region size 1024K, 2 young (2048K), 2 survivors (2048K)
 Metaspace       used 61500K, capacity 63462K, committed 63664K, reserved 1103872K
  class space    used 8110K, capacity 8865K, committed 8960K, reserved 1048576K
}

Deoptimization events (8 events):
Event: 1.765 Thread 0x00000194468ba000 DEOPT PACKING pc=0x000001942fd658d4 sp=0x00000036394fcb30
Event: 1.765 Thread 0x00000194468ba000 DEOPT UNPACKING pc=0x000001942f40964e sp=0x00000036394fc0a8 mode 0
Event: 2.347 Thread 0x00000194474ca800 DEOPT PACKING pc=0x000001942fc84f91 sp=0x00000036399fee40
Event: 2.347 Thread 0x00000194474ca800 DEOPT UNPACKING pc=0x000001942f40964e sp=0x00000036399fe298 mode 3
Event: 2.816 Thread 0x00000194468ba000 DEOPT PACKING pc=0x000001942fd46a83 sp=0x00000036394fbe00
Event: 2.816 Thread 0x00000194468ba000 DEOPT UNPACKING pc=0x000001942f40964e sp=0x00000036394fb308 mode 3
Event: 2.816 Thread 0x00000194468ba000 DEOPT PACKING pc=0x000001942fd3d756 sp=0x00000036394fbdc0
Event: 2.816 Thread 0x00000194468ba000 DEOPT UNPACKING pc=0x000001942f40964e sp=0x00000036394fb308 mode 3

Classes unloaded (3 events):
Event: 26.417 Thread 0x0000019445c10800 Unloading class 0x0000000100850040 'org/apache/catalina/loader/JdbcLeakPrevention'
Event: 58.700 Thread 0x0000019445c10800 Unloading class 0x0000000100877440 'jdk/internal/reflect/GeneratedMethodAccessor74'
Event: 58.700 Thread 0x0000019445c10800 Unloading class 0x000000010086d040 'org/apache/catalina/loader/JdbcLeakPrevention'

Classes redefined (0 events):
No events

Internal exceptions (20 events):
Event: 58.678 Thread 0x000001944a062800 Exception <a 'java/net/SocketException'{0x0000000086999f18}: Connection reset by peer: shutdown> (0x0000000086999f18) 
thrown [./open/src/hotspot/share/prims/jni.cpp, line 620]
Event: 58.680 Thread 0x000001944a062800 Exception <a 'java/net/SocketException'{0x000000008699dac8}: Connection reset by peer: shutdown> (0x000000008699dac8) 
thrown [./open/src/hotspot/share/prims/jni.cpp, line 620]
Event: 58.683 Thread 0x000001944a062800 Exception <a 'java/net/SocketException'{0x00000000869a54d0}: Connection reset by peer: shutdown> (0x00000000869a54d0) 
thrown [./open/src/hotspot/share/prims/jni.cpp, line 620]
Event: 58.736 Thread 0x000001944a05e800 Exception <a 'java/io/FileNotFoundException'{0x0000000086e4d7d0}> (0x0000000086e4d7d0) 
thrown [./open/src/hotspot/share/prims/jni.cpp, line 599]
Event: 58.997 Thread 0x000001944a05e800 Exception <a 'java/io/FileNotFoundException'{0x0000000086d89d20}> (0x0000000086d89d20) 
thrown [./open/src/hotspot/share/prims/jni.cpp, line 599]
Event: 59.015 Thread 0x000001944a05e800 Exception <a 'java/io/FileNotFoundException'{0x0000000086b1df50}> (0x0000000086b1df50) 
thrown [./open/src/hotspot/share/prims/jni.cpp, line 599]
Event: 59.227 Thread 0x000001944a062800 Exception <a 'java/net/SocketException'{0x00000000856deaf8}: Connection reset by peer: shutdown> (0x00000000856deaf8) 
thrown [./open/src/hotspot/share/prims/jni.cpp, line 620]
Event: 59.229 Thread 0x000001944a064000 Exception <a 'java/lang/InterruptedException'{0x00000000856fd300}: sleep interrupted> (0x00000000856fd300) 
thrown [./open/src/hotspot/share/prims/jvm.cpp, line 3074]
Event: 59.250 Thread 0x000001944a05e800 Exception <a 'java/lang/NoClassDefFoundError'{0x0000000085362c90}: javax/validation/ValidationException> (0x0000000085362c90) 
thrown [./open/src/hotspot/share/classfile/systemDictionary.cpp, line 215]
Event: 59.251 Thread 0x000001944a05e800 Exception <a 'java/lang/NoClassDefFoundError'{0x00000000853989c8}: liquibase/exception/ChangeLogParseException> (0x00000000853989c8) 
thrown [./open/src/hotspot/share/classfile/systemDictionary.cpp, line 215]
Event: 59.257 Thread 0x000001944a05e800 Exception <a 'java/lang/reflect/InvocationTargetException'{0x000000008520c9c8}> (0x000000008520c9c8) 
thrown [./open/src/hotspot/share/runtime/reflection.cpp, line 1188]
Event: 108.084 Thread 0x000001944a05d800 Exception <a 'java/io/FileNotFoundException'{0x0000000084f54ea0}> (0x0000000084f54ea0) 
thrown [./open/src/hotspot/share/prims/jni.cpp, line 599]
Event: 108.319 Thread 0x000001944a05d800 Exception <a 'java/io/FileNotFoundException'{0x0000000084f7d210}> (0x0000000084f7d210) 
thrown [./open/src/hotspot/share/prims/jni.cpp, line 599]
Event: 108.335 Thread 0x000001944a05d800 Exception <a 'java/io/FileNotFoundException'{0x0000000084d12818}> (0x0000000084d12818) 
thrown [./open/src/hotspot/share/prims/jni.cpp, line 599]
Event: 108.550 Thread 0x000001944a065800 Exception <a 'java/net/SocketException'{0x0000000085b292e0}: Connection reset by peer: shutdown> (0x0000000085b292e0) 
thrown [./open/src/hotspot/share/prims/jni.cpp, line 620]
Event: 108.625 Thread 0x000001944a065800 Exception <a 'java/net/SocketException'{0x0000000085b2a540}: Connection reset by peer: shutdown> (0x0000000085b2a540) 
thrown [./open/src/hotspot/share/prims/jni.cpp, line 620]
Event: 108.628 Thread 0x000001944a060000 Exception <a 'java/lang/InterruptedException'{0x0000000085990798}: sleep interrupted> (0x0000000085990798) 
thrown [./open/src/hotspot/share/prims/jvm.cpp, line 3074]
Event: 108.633 Thread 0x000001944a05d800 Exception <a 'java/lang/NoClassDefFoundError'{0x00000000859ec7f0}: javax/validation/ValidationException> (0x00000000859ec7f0) 
thrown [./open/src/hotspot/share/oops/constantPool.cpp, line 783]
Event: 108.633 Thread 0x000001944a05d800 Exception <a 'java/lang/NoClassDefFoundError'{0x00000000859f5520}: liquibase/exception/ChangeLogParseException> (0x00000000859f5520) 
thrown [./open/src/hotspot/share/oops/constantPool.cpp, line 783]
Event: 108.634 Thread 0x000001944a05d800 Exception <a 'java/lang/reflect/InvocationTargetException'{0x000000008580d1f0}> (0x000000008580d1f0) 
thrown [./open/src/hotspot/share/runtime/reflection.cpp, line 1188]

Events (20 events):
Event: 108.625 Executing VM operation: HandshakeOneThread
Event: 108.625 Executing VM operation: HandshakeOneThread done
Event: 108.625 Executing VM operation: HandshakeOneThread
Event: 108.625 Executing VM operation: HandshakeOneThread done
Event: 108.625 Executing VM operation: HandshakeOneThread
Event: 108.625 Executing VM operation: HandshakeOneThread done
Event: 108.625 Thread 0x000001944a065800 Thread exited: 0x000001944a065800
Event: 108.628 Thread 0x000001944a060000 Thread exited: 0x000001944a060000
Event: 108.628 Executing VM operation: HandshakeOneThread
Event: 108.628 Executing VM operation: HandshakeOneThread done
Event: 108.628 Executing VM operation: HandshakeOneThread
Event: 108.628 Thread 0x000001944a05f000 Thread exited: 0x000001944a05f000
Event: 108.628 Executing VM operation: HandshakeOneThread done
Event: 108.628 Thread 0x000001944a05e800 Thread exited: 0x000001944a05e800
Event: 108.634 Thread 0x000001944a05d800 Thread exited: 0x000001944a05d800
Event: 108.634 Thread 0x000001944a05f000 Thread added: 0x000001944a05f000
Event: 117.325 Loaded shared library C:\IDE\plugins\org.eclipse.justj.openjdk.hotspot.jre.full.win32.x86_64_14.0.2.v20200815-0932\jre\bin\java.dll
Event: 433.880 Executing VM operation: G1CollectForAllocation
Event: 433.883 Executing VM operation: G1CollectForAllocation done
Event: 724.098 Thread 0x000001944a05d800 Thread added: 0x000001944a05d800


Dynamic libraries:
0x00007ff63f0f0000 - 0x00007ff63f0fd000 	C:\IDE\plugins\org.eclipse.justj.openjdk.hotspot.jre.full.win32.x86_64_14.0.2.v20200815-0932\jre\bin\javaw.exe
0x00007ffc9a3e0000 - 0x00007ffc9a5d0000 	C:\WINDOWS\SYSTEM32\ntdll.dll
0x00007ffc98d20000 - 0x00007ffc98dd2000 	C:\WINDOWS\System32\KERNEL32.DLL
0x00007ffc97360000 - 0x00007ffc97605000 	C:\WINDOWS\System32\KERNELBASE.dll
0x00007ffc97610000 - 0x00007ffc9770a000 	C:\WINDOWS\System32\ucrtbase.dll
0x00007ffc64ee0000 - 0x00007ffc64ef8000 	C:\IDE\plugins\org.eclipse.justj.openjdk.hotspot.jre.full.win32.x86_64_14.0.2.v20200815-0932\jre\bin\jli.dll
0x00007ffc98b80000 - 0x00007ffc98d14000 	C:\WINDOWS\System32\USER32.dll
0x00007ffc97730000 - 0x00007ffc97751000 	C:\WINDOWS\System32\win32u.dll
0x00007ffc98e90000 - 0x00007ffc98eb6000 	C:\WINDOWS\System32\GDI32.dll
0x00007ffc97800000 - 0x00007ffc97996000 	C:\WINDOWS\System32\gdi32full.dll
0x00007ffc97760000 - 0x00007ffc977fe000 	C:\WINDOWS\System32\msvcp_win.dll
0x00007ffc90920000 - 0x00007ffc90935000 	C:\IDE\plugins\org.eclipse.justj.openjdk.hotspot.jre.full.win32.x86_64_14.0.2.v20200815-0932\jre\bin\VCRUNTIME140.dll
0x00007ffc82170000 - 0x00007ffc823f4000 	C:\WINDOWS\WinSxS\amd64_microsoft.windows.common-controls_6595b64144ccf1df_6.0.18362.1198_none_9e820b57e45ad92f\COMCTL32.dll
0x00007ffc991d0000 - 0x00007ffc9926e000 	C:\WINDOWS\System32\msvcrt.dll
0x00007ffc99750000 - 0x00007ffc99a85000 	C:\WINDOWS\System32\combase.dll
0x00007ffc98490000 - 0x00007ffc985b0000 	C:\WINDOWS\System32\RPCRT4.dll
0x00007ffc98310000 - 0x00007ffc98390000 	C:\WINDOWS\System32\bcryptPrimitives.dll
0x00007ffc99670000 - 0x00007ffc9969e000 	C:\WINDOWS\System32\IMM32.DLL
0x00007ffc75770000 - 0x00007ffc7580b000 	C:\IDE\plugins\org.eclipse.justj.openjdk.hotspot.jre.full.win32.x86_64_14.0.2.v20200815-0932\jre\bin\msvcp140.dll
0x00007ffc516e0000 - 0x00007ffc521fe000 	C:\IDE\plugins\org.eclipse.justj.openjdk.hotspot.jre.full.win32.x86_64_14.0.2.v20200815-0932\jre\bin\server\jvm.dll
0x00007ffc98de0000 - 0x00007ffc98e83000 	C:\WINDOWS\System32\ADVAPI32.dll
0x00007ffc995d0000 - 0x00007ffc99667000 	C:\WINDOWS\System32\sechost.dll
0x00007ffc993a0000 - 0x00007ffc993a8000 	C:\WINDOWS\System32\PSAPI.DLL
0x00007ffc7fa10000 - 0x00007ffc7fa19000 	C:\WINDOWS\SYSTEM32\WSOCK32.dll
0x00007ffc993b0000 - 0x00007ffc9941f000 	C:\WINDOWS\System32\WS2_32.dll
0x00007ffc93930000 - 0x00007ffc93954000 	C:\WINDOWS\SYSTEM32\WINMM.dll
0x00007ffc93900000 - 0x00007ffc9392d000 	C:\WINDOWS\SYSTEM32\winmmbase.dll
0x00007ffc91540000 - 0x00007ffc9154a000 	C:\WINDOWS\SYSTEM32\VERSION.dll
0x00007ffc98390000 - 0x00007ffc983da000 	C:\WINDOWS\System32\cfgmgr32.dll
0x00007ffc97340000 - 0x00007ffc97351000 	C:\WINDOWS\System32\kernel.appcore.dll
0x00007ffc87760000 - 0x00007ffc8776a000 	C:\IDE\plugins\org.eclipse.justj.openjdk.hotspot.jre.full.win32.x86_64_14.0.2.v20200815-0932\jre\bin\jimage.dll
0x00007ffc95120000 - 0x00007ffc95314000 	C:\WINDOWS\SYSTEM32\DBGHELP.DLL
0x00007ffc7c710000 - 0x00007ffc7c73a000 	C:\WINDOWS\SYSTEM32\dbgcore.DLL
0x00007ffc60da0000 - 0x00007ffc60dc5000 	C:\IDE\plugins\org.eclipse.justj.openjdk.hotspot.jre.full.win32.x86_64_14.0.2.v20200815-0932\jre\bin\java.dll
0x00007ffc62b50000 - 0x00007ffc62b66000 	C:\IDE\plugins\org.eclipse.justj.openjdk.hotspot.jre.full.win32.x86_64_14.0.2.v20200815-0932\jre\bin\zip.dll
0x00007ffc99c50000 - 0x00007ffc9a337000 	C:\WINDOWS\System32\SHELL32.dll
0x00007ffc992f0000 - 0x00007ffc99399000 	C:\WINDOWS\System32\shcore.dll
0x00007ffc97b80000 - 0x00007ffc98301000 	C:\WINDOWS\System32\windows.storage.dll
0x00007ffc972a0000 - 0x00007ffc972c3000 	C:\WINDOWS\System32\profapi.dll
0x00007ffc972d0000 - 0x00007ffc9731a000 	C:\WINDOWS\System32\powrprof.dll
0x00007ffc97290000 - 0x00007ffc972a0000 	C:\WINDOWS\System32\UMPDC.dll
0x00007ffc98f40000 - 0x00007ffc98f92000 	C:\WINDOWS\System32\shlwapi.dll
0x00007ffc97710000 - 0x00007ffc97727000 	C:\WINDOWS\System32\cryptsp.dll
0x00007ffc62920000 - 0x00007ffc62939000 	C:\IDE\plugins\org.eclipse.justj.openjdk.hotspot.jre.full.win32.x86_64_14.0.2.v20200815-0932\jre\bin\net.dll
0x00007ffc8e670000 - 0x00007ffc8e760000 	C:\WINDOWS\SYSTEM32\WINHTTP.dll
0x00007ffc96ae0000 - 0x00007ffc96b47000 	C:\WINDOWS\system32\mswsock.dll
0x00007ffc60ac0000 - 0x00007ffc60ad2000 	C:\IDE\plugins\org.eclipse.justj.openjdk.hotspot.jre.full.win32.x86_64_14.0.2.v20200815-0932\jre\bin\nio.dll
0x00007ffc90910000 - 0x00007ffc90919000 	C:\IDE\plugins\org.eclipse.justj.openjdk.hotspot.jre.full.win32.x86_64_14.0.2.v20200815-0932\jre\bin\management.dll
0x00007ffc87780000 - 0x00007ffc8778b000 	C:\IDE\plugins\org.eclipse.justj.openjdk.hotspot.jre.full.win32.x86_64_14.0.2.v20200815-0932\jre\bin\management_ext.dll
0x00007ffc761e0000 - 0x00007ffc761f6000 	C:\WINDOWS\system32\napinsp.dll
0x00007ffc75fb0000 - 0x00007ffc75fca000 	C:\WINDOWS\system32\pnrpnsp.dll
0x00007ffc75e00000 - 0x00007ffc75e15000 	C:\WINDOWS\system32\wshbth.dll
0x00007ffc937a0000 - 0x00007ffc937bc000 	C:\WINDOWS\system32\NLAapi.dll
0x00007ffc967f0000 - 0x00007ffc9682a000 	C:\WINDOWS\SYSTEM32\IPHLPAPI.DLL
0x00007ffc96830000 - 0x00007ffc968fb000 	C:\WINDOWS\SYSTEM32\DNSAPI.dll
0x00007ffc990f0000 - 0x00007ffc990f8000 	C:\WINDOWS\System32\NSI.dll
0x00007ffc75fa0000 - 0x00007ffc75fae000 	C:\WINDOWS\System32\winrnr.dll
0x00007ffc830b0000 - 0x00007ffc830ba000 	C:\Windows\System32\rasadhlp.dll
0x00007ffc8cd20000 - 0x00007ffc8cd97000 	C:\WINDOWS\System32\fwpuclnt.dll
0x00007ffc979a0000 - 0x00007ffc979c6000 	C:\WINDOWS\System32\bcrypt.dll
0x00007ffc96650000 - 0x00007ffc96683000 	C:\WINDOWS\system32\rsaenh.dll
0x00007ffc97170000 - 0x00007ffc97195000 	C:\WINDOWS\SYSTEM32\USERENV.dll
0x00007ffc96cb0000 - 0x00007ffc96cbc000 	C:\WINDOWS\SYSTEM32\CRYPTBASE.dll
0x00007ffc8e9f0000 - 0x00007ffc8ea06000 	C:\WINDOWS\SYSTEM32\dhcpcsvc6.DLL
0x00007ffc8ea70000 - 0x00007ffc8ea8c000 	C:\WINDOWS\SYSTEM32\dhcpcsvc.DLL
0x00007ffc75380000 - 0x00007ffc753a5000 	C:\IDE\plugins\org.eclipse.justj.openjdk.hotspot.jre.full.win32.x86_64_14.0.2.v20200815-0932\jre\bin\sunec.dll
0x00007ffc90aa0000 - 0x00007ffc90aae000 	C:\IDE\plugins\org.eclipse.justj.openjdk.hotspot.jre.full.win32.x86_64_14.0.2.v20200815-0932\jre\bin\sunmscapi.dll
0x00007ffc97a30000 - 0x00007ffc97b79000 	C:\WINDOWS\System32\CRYPT32.dll
0x00007ffc97320000 - 0x00007ffc97332000 	C:\WINDOWS\System32\MSASN1.dll
0x00007ffc96db0000 - 0x00007ffc96dd6000 	C:\WINDOWS\SYSTEM32\ncrypt.dll
0x00007ffc96d70000 - 0x00007ffc96dab000 	C:\WINDOWS\SYSTEM32\NTASN1.dll

dbghelp: loaded successfully - version: 4.0.5 - missing functions: none
symbol engine: initialized successfully - sym options: 0x614 - pdb path: .;C:\IDE\plugins\org.eclipse.justj.openjdk.hotspot.jre.full.win32.x86_64_14.0.2.v20200815-0932\jre\bin;C:\WINDOWS\SYSTEM32;C:\WINDOWS\WinSxS\amd64_microsoft.windows.common-controls_6595b64144ccf1df_6.0.18362.1198_none_9e820b57e45ad92f;C:\IDE\plugins\org.eclipse.justj.openjdk.hotspot.jre.full.win32.x86_64_14.0.2.v20200815-0932\jre\bin\server

VM Arguments:
jvm_args: -Dcom.sun.management.jmxremote -Dcom.sun.management.jmxremote.port=49738 -Dcom.sun.management.jmxremote.authenticate=false -Dcom.sun.management.jmxremote.ssl=false -Djava.rmi.server.hostname=localhost -Dspring.jmx.enabled=true -Dspring.application.admin.enabled=true -Xverify:none -XX:TieredStopAtLevel=1 -Dspring.boot.project.name=api -Dfile.encoding=UTF-8 -XX:+ShowCodeDetailsInExceptionMessages 
java_command: com.nghiale.api.ApiApplication --spring.output.ansi.enabled=always
java_class_path (initial): D:\workspace\api\target\classes;C:\Users\pyn_x\.m2\repository\org\springframework\boot\spring-boot-starter-data-jpa\2.4.0\spring-boot-starter-data-jpa-2.4.0.jar;C:\Users\pyn_x\.m2\repository\org\springframework\boot\spring-boot-starter-aop\2.4.0\spring-boot-starter-aop-2.4.0.jar;C:\Users\pyn_x\.m2\repository\org\aspectj\aspectjweaver\1.9.6\aspectjweaver-1.9.6.jar;C:\Users\pyn_x\.m2\repository\org\springframework\boot\spring-boot-starter-jdbc\2.4.0\spring-boot-starter-jdbc-2.4.0.jar;C:\Users\pyn_x\.m2\repository\com\zaxxer\HikariCP\3.4.5\HikariCP-3.4.5.jar;C:\Users\pyn_x\.m2\repository\org\springframework\spring-jdbc\5.3.1\spring-jdbc-5.3.1.jar;C:\Users\pyn_x\.m2\repository\jakarta\transaction\jakarta.transaction-api\1.3.3\jakarta.transaction-api-1.3.3.jar;C:\Users\pyn_x\.m2\repository\jakarta\persistence\jakarta.persistence-api\2.2.3\jakarta.persistence-api-2.2.3.jar;C:\Users\pyn_x\.m2\repository\org\hibernate\hibernate-core\5.4.23.Final\hibernate-core-5.4.23.Final.jar;C:\Users\pyn_x\.m2\repository\org\jboss\logging\jboss-logging\3.4.1.Final\jboss-logging-3.4.1.Final.jar;C:\Users\pyn_x\.m2\repository\org\javassist\javassist\3.24.0-GA\javassist-3.24.0-GA.jar;C:\Users\pyn_x\.m2\repository\net\bytebuddy\byte-buddy\1.10.18\byte-buddy-1.10.18.jar;C:\Users\pyn_x\.m2\repository\antlr\antlr\2.7.7\antlr-2.7.7.jar;C:\Users\pyn_x\.m2\repository\org\jboss\jandex\2.1.3.Final\jandex-2.1.3.Final.jar;C:\Users\pyn_x\.m2\repository\com\fasterxml\classmate\1.5.1\classmate-1.5.1.jar;C:\Users\pyn_x\.m2\repository\org\dom4j\dom4j\2.1.3\dom4j-2.1.3.jar;C:\Users\pyn_x\.m2\repository\org\hibernate\common\hibernate-commons-annotations\5.1.2.Final\hibernate-commons-annotations-5.1.2.Final.jar;C:\Users\pyn_x\.m2\repository\org\glassfish\jaxb\jaxb-runtime\2.3.3\jaxb-runtime-2.3.3.jar;C:\Users\pyn_x\.m2\repository\org\glassfish\jaxb\txw2\2.3.3\txw2-2.3.3.jar;C:\Users\pyn_x\.m2\repository\com\sun\istack\istack-commons-runtime\3.0.11\istack-commons-runtime-3.0.11.jar;C
Launcher Type: SUN_STANDARD

[Global flags]
     intx CICompilerCount                          = 3                                         {product} {ergonomic}
     uint ConcGCThreads                            = 1                                         {product} {ergonomic}
     uint G1ConcRefinementThreads                  = 4                                         {product} {ergonomic}
   size_t G1HeapRegionSize                         = 1048576                                   {product} {ergonomic}
    uintx GCDrainStackTargetSize                   = 64                                        {product} {ergonomic}
   size_t InitialHeapSize                          = 134217728                                 {product} {ergonomic}
     bool ManagementServer                         = true                                      {product} {command line}
   size_t MarkStackSize                            = 4194304                                   {product} {ergonomic}
   size_t MaxHeapSize                              = 2118123520                                {product} {ergonomic}
   size_t MaxNewSize                               = 1270874112                                {product} {ergonomic}
   size_t MinHeapDeltaBytes                        = 1048576                                   {product} {ergonomic}
   size_t MinHeapSize                              = 8388608                                   {product} {ergonomic}
    uintx NonNMethodCodeHeapSize                   = 6973028                                {pd product} {ergonomic}
    uintx NonProfiledCodeHeapSize                  = 244685212                              {pd product} {ergonomic}
    uintx ProfiledCodeHeapSize                     = 0                                      {pd product} {ergonomic}
    uintx ReservedCodeCacheSize                    = 251658240                              {pd product} {ergonomic}
     bool SegmentedCodeCache                       = true                                      {product} {ergonomic}
     bool ShowCodeDetailsInExceptionMessages       = true                                   {manageable} {command line}
   size_t SoftMaxHeapSize                          = 2118123520                             {manageable} {ergonomic}
     intx TieredStopAtLevel                        = 1                                         {product} {command line}
     bool UseCompressedClassPointers               = true                                 {lp64_product} {ergonomic}
     bool UseCompressedOops                        = true                                 {lp64_product} {ergonomic}
     bool UseG1GC                                  = true                                      {product} {ergonomic}
     bool UseLargePagesIndividualAllocation        = false                                  {pd product} {ergonomic}

Logging:
Log output configuration:
 #0: stdout all=warning uptime,level,tags
 #1: stderr all=off uptime,level,tags

Environment Variables:
PATH=C:/IDE//plugins/org.eclipse.justj.openjdk.hotspot.jre.full.win32.x86_64_14.0.2.v20200815-0932/jre/bin/server;C:/IDE//plugins/org.eclipse.justj.openjdk.hotspot.jre.full.win32.x86_64_14.0.2.v20200815-0932/jre/bin;C:\Program Files (x86)\Common Files\Oracle\Java\javapath;C:\WINDOWS\system32;C:\WINDOWS;C:\WINDOWS\System32\Wbem;C:\WINDOWS\System32\WindowsPowerShell\v1.0\;C:\WINDOWS\System32\OpenSSH\;C:\Program Files\NVIDIA Corporation\NVIDIA NvDLISR;C:\Program Files (x86)\NVIDIA Corporation\PhysX\Common;C:\Program Files\MySQL\MySQL Utilities 1.6\;C:\Program Files\nodejs\;C:\Users\pyn_x\AppData\Local\Microsoft\WindowsApps;C:\Users\pyn_x\AppData\Roaming\npm;C:\IDE;
USERNAME=pyn_x
OS=Windows_NT
PROCESSOR_IDENTIFIER=Intel64 Family 6 Model 142 Stepping 9, GenuineIntel



---------------  S Y S T E M  ---------------

OS: Windows 10 , 64 bit Build 18362 (10.0.18362.1110)
OS uptime: 6 days 12:38 hours

CPU:total 4 (initial active 4) (2 cores per cpu, 2 threads per core) family 6 model 142 stepping 9, cmov, cx8, fxsr, mmx, sse, sse2, sse3, ssse3, sse4.1, sse4.2, popcnt, avx, avx2, aes, clmul, erms, 3dnowpref, lzcnt, ht, tsc, tscinvbit, bmi1, bmi2, adx, fma

Memory: 4k page, system-wide physical 8078M (2859M free)
TotalPageFile size 9998M (AvailPageFile size 3358M)
current process WorkingSet (physical memory assigned to process): 224M, peak: 234M
current process commit charge ("private bytes"): 251M, peak: 270M

vm_info: OpenJDK 64-Bit Server VM (14.0.2+12-46) for windows-amd64 JRE (14.0.2+12-46), built on Jul  9 2020 00:31:16 by "mach5one" with MS VC++ 15.9 (VS2017)

END.
